#
# There is insufficient memory for the Java Runtime Environment to continue.
# Native memory allocation (malloc) failed to allocate 1305536 bytes for Chunk::new
# Possible reasons:
#   The system is out of physical RAM or swap space
#   The process is running with CompressedOops enabled, and the Java Heap may be blocking the growth of the native heap
# Possible solutions:
#   Reduce memory load on the system
#   Increase physical memory or swap space
#   Check if swap backing store is full
#   Decrease Java heap size (-Xmx/-Xms)
#   Decrease number of Java threads
#   Decrease Java thread stack sizes (-Xss)
#   Set larger code cache with -XX:ReservedCodeCacheSize=
#   JVM is running with Unscaled Compressed Oops mode in which the Java heap is
#     placed in the first 4GB address space. The Java Heap base address is the
#     maximum limit for the native heap growth. Please use -XX:HeapBaseMinAddress
#     to set the Java Heap base and to place the Java Heap above 4GB virtual address.
# This output file may be truncated or incomplete.
#
#  Out of Memory Error (arena.cpp:189), pid=8608, tid=17076
#
# JRE version: Java(TM) SE Runtime Environment (17.0.12+8) (build 17.0.12+8-LTS-286)
# Java VM: Java HotSpot(TM) 64-Bit Server VM (17.0.12+8-LTS-286, mixed mode, sharing, tiered, compressed oops, compressed class ptrs, g1 gc, windows-amd64)
# No core dump will be written. Minidumps are not enabled by default on client versions of Windows
#

---------------  S U M M A R Y ------------

Command Line: org.jetbrains.kotlin.cli.jvm.K2JVMCompiler @D:\ReactNative\Yogiverse\Yogiverse\node_modules\react-native-screens\android\build\20250614_4669090958201858511.compiler.options

Host: Intel(R) Core(TM) i5-3570S CPU @ 3.10GHz, 4 cores, 7G,  Windows 10 , 64 bit Build 19041 (10.0.19041.5915)
Time: Sat Jun 14 19:32:33 2025 India Standard Time elapsed time: 46.036506 seconds (0d 0h 0m 46s)

---------------  T H R E A D  ---------------

Current thread (0x0000020090ec9ea0):  JavaThread "C2 CompilerThread1" daemon [_thread_in_native, id=17076, stack(0x0000003a34800000,0x0000003a34900000)]


Current CompileTask:
C2:  46036 21019       4       org.jetbrains.kotlin.backend.jvm.lower.BridgeLowering::createBridges (1016 bytes)

Stack: [0x0000003a34800000,0x0000003a34900000]
Native frames: (J=compiled Java code, j=interpreted, Vv=VM code, C=native code)
V  [jvm.dll+0x67a04a]
V  [jvm.dll+0x7da4ed]
V  [jvm.dll+0x7dbe33]
V  [jvm.dll+0x7dc4a3]
V  [jvm.dll+0x24508f]
V  [jvm.dll+0xab773]
V  [jvm.dll+0xabd3c]
V  [jvm.dll+0x2aa52f]
V  [jvm.dll+0x581eb9]
V  [jvm.dll+0x21f422]
V  [jvm.dll+0x21f81f]
V  [jvm.dll+0x218aa0]
V  [jvm.dll+0x215b65]
V  [jvm.dll+0x1a2960]
V  [jvm.dll+0x22610b]
V  [jvm.dll+0x2242ab]
V  [jvm.dll+0x79075c]
V  [jvm.dll+0x78abea]
V  [jvm.dll+0x678f35]
C  [ucrtbase.dll+0x21bb2]
C  [KERNEL32.DLL+0x17374]
C  [ntdll.dll+0x4cc91]


---------------  P R O C E S S  ---------------

Threads class SMR info:
_java_thread_list=0x0000020092bb4d20, length=13, elements={
0x000002002aef8eb0, 0x000002004a769630, 0x000002004a76a4b0, 0x000002004a77f270,
0x000002004a780c40, 0x000002004a781600, 0x000002004a781fc0, 0x000002004a782cb0,
0x000002004a784770, 0x000002004a7f7780, 0x000002004a9cb8b0, 0x000002004a9d25f0,
0x0000020090ec9ea0
}

Java Threads: ( => current thread )
  0x000002002aef8eb0 JavaThread "main" [_thread_in_vm, id=876, stack(0x0000003a33100000,0x0000003a33200000)]
  0x000002004a769630 JavaThread "Reference Handler" daemon [_thread_blocked, id=8712, stack(0x0000003a33900000,0x0000003a33a00000)]
  0x000002004a76a4b0 JavaThread "Finalizer" daemon [_thread_blocked, id=1056, stack(0x0000003a33a00000,0x0000003a33b00000)]
  0x000002004a77f270 JavaThread "Signal Dispatcher" daemon [_thread_blocked, id=1152, stack(0x0000003a33b00000,0x0000003a33c00000)]
  0x000002004a780c40 JavaThread "Attach Listener" daemon [_thread_blocked, id=7068, stack(0x0000003a33c00000,0x0000003a33d00000)]
  0x000002004a781600 JavaThread "Service Thread" daemon [_thread_blocked, id=6124, stack(0x0000003a33d00000,0x0000003a33e00000)]
  0x000002004a781fc0 JavaThread "Monitor Deflation Thread" daemon [_thread_blocked, id=10508, stack(0x0000003a33e00000,0x0000003a33f00000)]
  0x000002004a782cb0 JavaThread "C2 CompilerThread0" daemon [_thread_in_native, id=1076, stack(0x0000003a33f00000,0x0000003a34000000)]
  0x000002004a784770 JavaThread "C1 CompilerThread0" daemon [_thread_blocked, id=9156, stack(0x0000003a34000000,0x0000003a34100000)]
  0x000002004a7f7780 JavaThread "Sweeper thread" daemon [_thread_blocked, id=9160, stack(0x0000003a34100000,0x0000003a34200000)]
  0x000002004a9cb8b0 JavaThread "Notification Thread" daemon [_thread_blocked, id=14812, stack(0x0000003a34200000,0x0000003a34300000)]
  0x000002004a9d25f0 JavaThread "Common-Cleaner" daemon [_thread_blocked, id=16080, stack(0x0000003a34400000,0x0000003a34500000)]
=>0x0000020090ec9ea0 JavaThread "C2 CompilerThread1" daemon [_thread_in_native, id=17076, stack(0x0000003a34800000,0x0000003a34900000)]

Other Threads:
  0x000002004a7625b0 VMThread "VM Thread" [stack: 0x0000003a33800000,0x0000003a33900000] [id=12592]
  0x000002004a9d21b0 WatcherThread [stack: 0x0000003a34300000,0x0000003a34400000] [id=8996]
  0x000002002af519b0 GCTaskThread "GC Thread#0" [stack: 0x0000003a33300000,0x0000003a33400000] [id=5372]
  0x00000200900bc850 GCTaskThread "GC Thread#1" [stack: 0x0000003a34500000,0x0000003a34600000] [id=15916]
  0x00000200900bcb10 GCTaskThread "GC Thread#2" [stack: 0x0000003a34600000,0x0000003a34700000] [id=6668]
  0x00000200900d5720 GCTaskThread "GC Thread#3" [stack: 0x0000003a34700000,0x0000003a34800000] [id=11896]
  0x000002002af63820 ConcurrentGCThread "G1 Main Marker" [stack: 0x0000003a33400000,0x0000003a33500000] [id=4904]
  0x000002002af64230 ConcurrentGCThread "G1 Conc#0" [stack: 0x0000003a33500000,0x0000003a33600000] [id=11772]
  0x000002004a620090 ConcurrentGCThread "G1 Refine#0" [stack: 0x0000003a33600000,0x0000003a33700000] [id=1604]
  0x0000020091c41800 ConcurrentGCThread "G1 Refine#1" [stack: 0x0000003a34900000,0x0000003a34a00000] [id=17364]
  0x000002004aa155c0 ConcurrentGCThread "G1 Refine#2" [stack: 0x0000003a34a00000,0x0000003a34b00000] [id=13632]
  0x000002004a620ac0 ConcurrentGCThread "G1 Service" [stack: 0x0000003a33700000,0x0000003a33800000] [id=6860]

Threads with active compile tasks:
C2 CompilerThread0    46061 20980       4       org.jetbrains.kotlin.ir.util.IrUtilsKt::copyAnnotations (260 bytes)
C2 CompilerThread1    46061 21019       4       org.jetbrains.kotlin.backend.jvm.lower.BridgeLowering::createBridges (1016 bytes)

VM state: not at safepoint (normal execution)

VM Mutex/Monitor currently owned by a thread: None

Heap address: 0x0000000080800000, size: 2040 MB, Compressed Oops mode: 32-bit

CDS archive(s) mapped at: [0x000002004b000000-0x000002004bbd0000-0x000002004bbd0000), size 12386304, SharedBaseAddress: 0x000002004b000000, ArchiveRelocationMode: 1.
Compressed class space mapped at: 0x000002004c000000-0x000002008c000000, reserved size: 1073741824
Narrow klass base: 0x000002004b000000, Narrow klass shift: 0, Narrow klass range: 0x100000000

GC Precious Log:
 CPUs: 4 total, 4 available
 Memory: 8156M
 Large Page Support: Disabled
 NUMA Support: Disabled
 Compressed Oops: Enabled (32-bit)
 Heap Region Size: 1M
 Heap Min Capacity: 8M
 Heap Initial Capacity: 128M
 Heap Max Capacity: 2040M
 Pre-touch: Disabled
 Parallel Workers: 4
 Concurrent Workers: 1
 Concurrent Refinement Workers: 4
 Periodic GC: Disabled

Heap:
 garbage-first heap   total 224256K, used 164353K [0x0000000080800000, 0x0000000100000000)
  region size 1024K, 18 young (18432K), 4 survivors (4096K)
 Metaspace       used 76814K, committed 77120K, reserved 1179648K
  class space    used 8005K, committed 8192K, reserved 1048576K

Heap Regions: E=young(eden), S=young(survivor), O=old, HS=humongous(starts), HC=humongous(continues), CS=collection set, F=free, OA=open archive, CA=closed archive, TAMS=top-at-mark-start (previous, next)
|   0|0x0000000080800000, 0x0000000080900000, 0x0000000080900000|100%|HS|  |TAMS 0x0000000080900000, 0x0000000080800000| Complete 
|   1|0x0000000080900000, 0x0000000080a00000, 0x0000000080a00000|100%|HC|  |TAMS 0x0000000080a00000, 0x0000000080900000| Complete 
|   2|0x0000000080a00000, 0x0000000080b00000, 0x0000000080b00000|100%|HC|  |TAMS 0x0000000080b00000, 0x0000000080a00000| Complete 
|   3|0x0000000080b00000, 0x0000000080c00000, 0x0000000080c00000|100%|HC|  |TAMS 0x0000000080c00000, 0x0000000080b00000| Complete 
|   4|0x0000000080c00000, 0x0000000080d00000, 0x0000000080d00000|100%| O|  |TAMS 0x0000000080d00000, 0x0000000080c00000| Untracked 
|   5|0x0000000080d00000, 0x0000000080e00000, 0x0000000080e00000|100%| O|  |TAMS 0x0000000080e00000, 0x0000000080d00000| Untracked 
|   6|0x0000000080e00000, 0x0000000080e7ee00, 0x0000000080f00000| 49%| O|  |TAMS 0x0000000080e7ee00, 0x0000000080e00000| Untracked 
|   7|0x0000000080f00000, 0x0000000081000000, 0x0000000081000000|100%| O|  |TAMS 0x0000000081000000, 0x0000000080f00000| Untracked 
|   8|0x0000000081000000, 0x0000000081100000, 0x0000000081100000|100%| O|  |TAMS 0x0000000081100000, 0x0000000081000000| Untracked 
|   9|0x0000000081100000, 0x0000000081200000, 0x0000000081200000|100%| O|  |TAMS 0x0000000081200000, 0x0000000081100000| Untracked 
|  10|0x0000000081200000, 0x0000000081300000, 0x0000000081300000|100%| O|  |TAMS 0x0000000081300000, 0x0000000081200000| Untracked 
|  11|0x0000000081300000, 0x0000000081400000, 0x0000000081400000|100%| O|  |TAMS 0x0000000081400000, 0x0000000081300000| Untracked 
|  12|0x0000000081400000, 0x0000000081500000, 0x0000000081500000|100%| O|  |TAMS 0x0000000081500000, 0x0000000081400000| Untracked 
|  13|0x0000000081500000, 0x0000000081600000, 0x0000000081600000|100%| O|  |TAMS 0x0000000081600000, 0x0000000081500000| Untracked 
|  14|0x0000000081600000, 0x0000000081700000, 0x0000000081700000|100%| O|  |TAMS 0x0000000081700000, 0x0000000081600000| Untracked 
|  15|0x0000000081700000, 0x0000000081800000, 0x0000000081800000|100%| O|  |TAMS 0x0000000081800000, 0x0000000081700000| Untracked 
|  16|0x0000000081800000, 0x0000000081900000, 0x0000000081900000|100%| O|  |TAMS 0x0000000081900000, 0x0000000081800000| Untracked 
|  17|0x0000000081900000, 0x0000000081a00000, 0x0000000081a00000|100%| O|  |TAMS 0x0000000081a00000, 0x0000000081900000| Untracked 
|  18|0x0000000081a00000, 0x0000000081b00000, 0x0000000081b00000|100%|HS|  |TAMS 0x0000000081b00000, 0x0000000081a00000| Complete 
|  19|0x0000000081b00000, 0x0000000081c00000, 0x0000000081c00000|100%|HC|  |TAMS 0x0000000081c00000, 0x0000000081b00000| Complete 
|  20|0x0000000081c00000, 0x0000000081d00000, 0x0000000081d00000|100%| O|  |TAMS 0x0000000081d00000, 0x0000000081c00000| Untracked 
|  21|0x0000000081d00000, 0x0000000081e00000, 0x0000000081e00000|100%| O|  |TAMS 0x0000000081e00000, 0x0000000081d00000| Untracked 
|  22|0x0000000081e00000, 0x0000000081f00000, 0x0000000081f00000|100%| O|  |TAMS 0x0000000081f00000, 0x0000000081e00000| Untracked 
|  23|0x0000000081f00000, 0x0000000082000000, 0x0000000082000000|100%| O|  |TAMS 0x0000000082000000, 0x0000000081f00000| Untracked 
|  24|0x0000000082000000, 0x0000000082100000, 0x0000000082100000|100%| O|  |TAMS 0x0000000082100000, 0x0000000082000000| Untracked 
|  25|0x0000000082100000, 0x0000000082200000, 0x0000000082200000|100%| O|  |TAMS 0x0000000082200000, 0x0000000082100000| Untracked 
|  26|0x0000000082200000, 0x0000000082300000, 0x0000000082300000|100%| O|  |TAMS 0x0000000082300000, 0x0000000082200000| Untracked 
|  27|0x0000000082300000, 0x0000000082400000, 0x0000000082400000|100%| O|  |TAMS 0x0000000082400000, 0x0000000082300000| Untracked 
|  28|0x0000000082400000, 0x0000000082500000, 0x0000000082500000|100%| O|  |TAMS 0x0000000082500000, 0x0000000082400000| Untracked 
|  29|0x0000000082500000, 0x0000000082600000, 0x0000000082600000|100%| O|  |TAMS 0x0000000082600000, 0x0000000082500000| Untracked 
|  30|0x0000000082600000, 0x0000000082700000, 0x0000000082700000|100%| O|  |TAMS 0x0000000082700000, 0x0000000082600000| Untracked 
|  31|0x0000000082700000, 0x0000000082800000, 0x0000000082800000|100%| O|  |TAMS 0x0000000082800000, 0x0000000082700000| Untracked 
|  32|0x0000000082800000, 0x0000000082900000, 0x0000000082900000|100%| O|  |TAMS 0x0000000082900000, 0x0000000082800000| Untracked 
|  33|0x0000000082900000, 0x0000000082a00000, 0x0000000082a00000|100%| O|  |TAMS 0x0000000082a00000, 0x0000000082900000| Untracked 
|  34|0x0000000082a00000, 0x0000000082b00000, 0x0000000082b00000|100%| O|  |TAMS 0x0000000082a00000, 0x0000000082a00000| Untracked 
|  35|0x0000000082b00000, 0x0000000082c00000, 0x0000000082c00000|100%| O|  |TAMS 0x0000000082c00000, 0x0000000082b00000| Untracked 
|  36|0x0000000082c00000, 0x0000000082d00000, 0x0000000082d00000|100%| O|  |TAMS 0x0000000082d00000, 0x0000000082c00000| Untracked 
|  37|0x0000000082d00000, 0x0000000082e00000, 0x0000000082e00000|100%| O|  |TAMS 0x0000000082e00000, 0x0000000082d00000| Untracked 
|  38|0x0000000082e00000, 0x0000000082f00000, 0x0000000082f00000|100%| O|  |TAMS 0x0000000082f00000, 0x0000000082e00000| Untracked 
|  39|0x0000000082f00000, 0x0000000083000000, 0x0000000083000000|100%| O|  |TAMS 0x0000000083000000, 0x0000000082f00000| Untracked 
|  40|0x0000000083000000, 0x0000000083100000, 0x0000000083100000|100%| O|  |TAMS 0x0000000083100000, 0x0000000083000000| Untracked 
|  41|0x0000000083100000, 0x0000000083200000, 0x0000000083200000|100%| O|  |TAMS 0x0000000083200000, 0x0000000083100000| Untracked 
|  42|0x0000000083200000, 0x0000000083300000, 0x0000000083300000|100%| O|  |TAMS 0x0000000083300000, 0x0000000083200000| Untracked 
|  43|0x0000000083300000, 0x0000000083400000, 0x0000000083400000|100%| O|  |TAMS 0x0000000083400000, 0x0000000083300000| Untracked 
|  44|0x0000000083400000, 0x0000000083500000, 0x0000000083500000|100%| O|  |TAMS 0x0000000083500000, 0x0000000083400000| Untracked 
|  45|0x0000000083500000, 0x0000000083600000, 0x0000000083600000|100%| O|  |TAMS 0x0000000083600000, 0x0000000083500000| Untracked 
|  46|0x0000000083600000, 0x0000000083700000, 0x0000000083700000|100%| O|  |TAMS 0x0000000083700000, 0x0000000083600000| Untracked 
|  47|0x0000000083700000, 0x0000000083800000, 0x0000000083800000|100%| O|  |TAMS 0x0000000083800000, 0x0000000083700000| Untracked 
|  48|0x0000000083800000, 0x0000000083900000, 0x0000000083900000|100%| O|  |TAMS 0x0000000083900000, 0x0000000083800000| Untracked 
|  49|0x0000000083900000, 0x0000000083a00000, 0x0000000083a00000|100%| O|  |TAMS 0x0000000083a00000, 0x0000000083900000| Untracked 
|  50|0x0000000083a00000, 0x0000000083b00000, 0x0000000083b00000|100%| O|  |TAMS 0x0000000083b00000, 0x0000000083a00000| Untracked 
|  51|0x0000000083b00000, 0x0000000083c00000, 0x0000000083c00000|100%| O|  |TAMS 0x0000000083c00000, 0x0000000083b00000| Untracked 
|  52|0x0000000083c00000, 0x0000000083d00000, 0x0000000083d00000|100%| O|  |TAMS 0x0000000083c00000, 0x0000000083c00000| Untracked 
|  53|0x0000000083d00000, 0x0000000083e00000, 0x0000000083e00000|100%|HS|  |TAMS 0x0000000083d00000, 0x0000000083d00000| Complete 
|  54|0x0000000083e00000, 0x0000000083f00000, 0x0000000083f00000|100%|HC|  |TAMS 0x0000000083e00000, 0x0000000083e00000| Complete 
|  55|0x0000000083f00000, 0x0000000084000000, 0x0000000084000000|100%| O|  |TAMS 0x0000000083f00000, 0x0000000083f00000| Untracked 
|  56|0x0000000084000000, 0x0000000084100000, 0x0000000084100000|100%| O|  |TAMS 0x0000000084000000, 0x0000000084000000| Untracked 
|  57|0x0000000084100000, 0x0000000084200000, 0x0000000084200000|100%| O|  |TAMS 0x0000000084100000, 0x0000000084100000| Untracked 
|  58|0x0000000084200000, 0x0000000084300000, 0x0000000084300000|100%| O|  |TAMS 0x0000000084200000, 0x0000000084200000| Untracked 
|  59|0x0000000084300000, 0x0000000084400000, 0x0000000084400000|100%| O|  |TAMS 0x0000000084300000, 0x0000000084300000| Untracked 
|  60|0x0000000084400000, 0x0000000084500000, 0x0000000084500000|100%| O|  |TAMS 0x0000000084400000, 0x0000000084400000| Untracked 
|  61|0x0000000084500000, 0x0000000084600000, 0x0000000084600000|100%| O|  |TAMS 0x0000000084500000, 0x0000000084500000| Untracked 
|  62|0x0000000084600000, 0x0000000084700000, 0x0000000084700000|100%| O|  |TAMS 0x0000000084600000, 0x0000000084600000| Untracked 
|  63|0x0000000084700000, 0x0000000084800000, 0x0000000084800000|100%| O|  |TAMS 0x0000000084700000, 0x0000000084700000| Untracked 
|  64|0x0000000084800000, 0x0000000084900000, 0x0000000084900000|100%| O|  |TAMS 0x0000000084800000, 0x0000000084800000| Untracked 
|  65|0x0000000084900000, 0x0000000084a00000, 0x0000000084a00000|100%| O|  |TAMS 0x0000000084900000, 0x0000000084900000| Untracked 
|  66|0x0000000084a00000, 0x0000000084b00000, 0x0000000084b00000|100%| O|  |TAMS 0x0000000084a00000, 0x0000000084a00000| Untracked 
|  67|0x0000000084b00000, 0x0000000084c00000, 0x0000000084c00000|100%| O|  |TAMS 0x0000000084b00000, 0x0000000084b00000| Untracked 
|  68|0x0000000084c00000, 0x0000000084d00000, 0x0000000084d00000|100%| O|  |TAMS 0x0000000084c00000, 0x0000000084c00000| Untracked 
|  69|0x0000000084d00000, 0x0000000084e00000, 0x0000000084e00000|100%| O|  |TAMS 0x0000000084d00000, 0x0000000084d00000| Untracked 
|  70|0x0000000084e00000, 0x0000000084f00000, 0x0000000084f00000|100%| O|  |TAMS 0x0000000084e00000, 0x0000000084e00000| Untracked 
|  71|0x0000000084f00000, 0x0000000085000000, 0x0000000085000000|100%| O|  |TAMS 0x0000000084f00000, 0x0000000084f00000| Untracked 
|  72|0x0000000085000000, 0x0000000085100000, 0x0000000085100000|100%| O|  |TAMS 0x0000000085000000, 0x0000000085000000| Untracked 
|  73|0x0000000085100000, 0x0000000085200000, 0x0000000085200000|100%| O|  |TAMS 0x0000000085100000, 0x0000000085100000| Untracked 
|  74|0x0000000085200000, 0x0000000085300000, 0x0000000085300000|100%| O|  |TAMS 0x0000000085200000, 0x0000000085200000| Untracked 
|  75|0x0000000085300000, 0x0000000085400000, 0x0000000085400000|100%| O|  |TAMS 0x0000000085300000, 0x0000000085300000| Untracked 
|  76|0x0000000085400000, 0x0000000085500000, 0x0000000085500000|100%| O|  |TAMS 0x0000000085400000, 0x0000000085400000| Untracked 
|  77|0x0000000085500000, 0x0000000085600000, 0x0000000085600000|100%| O|  |TAMS 0x0000000085500000, 0x0000000085500000| Untracked 
|  78|0x0000000085600000, 0x0000000085700000, 0x0000000085700000|100%| O|  |TAMS 0x0000000085600000, 0x0000000085600000| Untracked 
|  79|0x0000000085700000, 0x0000000085800000, 0x0000000085800000|100%| O|  |TAMS 0x0000000085700000, 0x0000000085700000| Untracked 
|  80|0x0000000085800000, 0x0000000085900000, 0x0000000085900000|100%| O|  |TAMS 0x0000000085800000, 0x0000000085800000| Untracked 
|  81|0x0000000085900000, 0x0000000085a00000, 0x0000000085a00000|100%| O|  |TAMS 0x0000000085900000, 0x0000000085900000| Untracked 
|  82|0x0000000085a00000, 0x0000000085b00000, 0x0000000085b00000|100%| O|  |TAMS 0x0000000085a00000, 0x0000000085a00000| Untracked 
|  83|0x0000000085b00000, 0x0000000085c00000, 0x0000000085c00000|100%| O|  |TAMS 0x0000000085b00000, 0x0000000085b00000| Untracked 
|  84|0x0000000085c00000, 0x0000000085d00000, 0x0000000085d00000|100%| O|  |TAMS 0x0000000085c00000, 0x0000000085c00000| Untracked 
|  85|0x0000000085d00000, 0x0000000085e00000, 0x0000000085e00000|100%| O|  |TAMS 0x0000000085d00000, 0x0000000085d00000| Untracked 
|  86|0x0000000085e00000, 0x0000000085f00000, 0x0000000085f00000|100%| O|  |TAMS 0x0000000085e00000, 0x0000000085e00000| Untracked 
|  87|0x0000000085f00000, 0x0000000086000000, 0x0000000086000000|100%| O|  |TAMS 0x0000000085f00000, 0x0000000085f00000| Untracked 
|  88|0x0000000086000000, 0x0000000086100000, 0x0000000086100000|100%| O|  |TAMS 0x0000000086000000, 0x0000000086000000| Untracked 
|  89|0x0000000086100000, 0x0000000086200000, 0x0000000086200000|100%| O|  |TAMS 0x0000000086100000, 0x0000000086100000| Untracked 
|  90|0x0000000086200000, 0x0000000086300000, 0x0000000086300000|100%| O|  |TAMS 0x0000000086200000, 0x0000000086200000| Untracked 
|  91|0x0000000086300000, 0x0000000086400000, 0x0000000086400000|100%| O|  |TAMS 0x0000000086300000, 0x0000000086300000| Untracked 
|  92|0x0000000086400000, 0x0000000086500000, 0x0000000086500000|100%| O|  |TAMS 0x0000000086400000, 0x0000000086400000| Untracked 
|  93|0x0000000086500000, 0x0000000086600000, 0x0000000086600000|100%| O|  |TAMS 0x0000000086500000, 0x0000000086500000| Untracked 
|  94|0x0000000086600000, 0x0000000086700000, 0x0000000086700000|100%| O|  |TAMS 0x0000000086600000, 0x0000000086600000| Untracked 
|  95|0x0000000086700000, 0x0000000086800000, 0x0000000086800000|100%| O|  |TAMS 0x0000000086700000, 0x0000000086700000| Untracked 
|  96|0x0000000086800000, 0x0000000086900000, 0x0000000086900000|100%| O|  |TAMS 0x0000000086800000, 0x0000000086800000| Untracked 
|  97|0x0000000086900000, 0x0000000086a00000, 0x0000000086a00000|100%| O|  |TAMS 0x0000000086900000, 0x0000000086900000| Untracked 
|  98|0x0000000086a00000, 0x0000000086b00000, 0x0000000086b00000|100%| O|  |TAMS 0x0000000086a00000, 0x0000000086a00000| Untracked 
|  99|0x0000000086b00000, 0x0000000086c00000, 0x0000000086c00000|100%| O|  |TAMS 0x0000000086b00000, 0x0000000086b00000| Untracked 
| 100|0x0000000086c00000, 0x0000000086d00000, 0x0000000086d00000|100%| O|  |TAMS 0x0000000086c00000, 0x0000000086c00000| Untracked 
| 101|0x0000000086d00000, 0x0000000086e00000, 0x0000000086e00000|100%| O|  |TAMS 0x0000000086d00000, 0x0000000086d00000| Untracked 
| 102|0x0000000086e00000, 0x0000000086f00000, 0x0000000086f00000|100%| O|  |TAMS 0x0000000086e00000, 0x0000000086e00000| Untracked 
| 103|0x0000000086f00000, 0x0000000087000000, 0x0000000087000000|100%| O|  |TAMS 0x0000000086f00000, 0x0000000086f00000| Untracked 
| 104|0x0000000087000000, 0x0000000087100000, 0x0000000087100000|100%| O|  |TAMS 0x0000000087000000, 0x0000000087000000| Untracked 
| 105|0x0000000087100000, 0x0000000087200000, 0x0000000087200000|100%| O|  |TAMS 0x0000000087100000, 0x0000000087100000| Untracked 
| 106|0x0000000087200000, 0x0000000087300000, 0x0000000087300000|100%| O|  |TAMS 0x0000000087200000, 0x0000000087200000| Untracked 
| 107|0x0000000087300000, 0x0000000087400000, 0x0000000087400000|100%| O|  |TAMS 0x0000000087300000, 0x0000000087300000| Untracked 
| 108|0x0000000087400000, 0x0000000087500000, 0x0000000087500000|100%| O|  |TAMS 0x0000000087400000, 0x0000000087400000| Untracked 
| 109|0x0000000087500000, 0x0000000087600000, 0x0000000087600000|100%| O|  |TAMS 0x0000000087500000, 0x0000000087500000| Untracked 
| 110|0x0000000087600000, 0x0000000087700000, 0x0000000087700000|100%| O|  |TAMS 0x0000000087600000, 0x0000000087600000| Untracked 
| 111|0x0000000087700000, 0x0000000087800000, 0x0000000087800000|100%| O|  |TAMS 0x0000000087700000, 0x0000000087700000| Untracked 
| 112|0x0000000087800000, 0x0000000087900000, 0x0000000087900000|100%| O|  |TAMS 0x0000000087800000, 0x0000000087800000| Untracked 
| 113|0x0000000087900000, 0x0000000087a00000, 0x0000000087a00000|100%| O|  |TAMS 0x0000000087900000, 0x0000000087900000| Untracked 
| 114|0x0000000087a00000, 0x0000000087b00000, 0x0000000087b00000|100%| O|  |TAMS 0x0000000087a00000, 0x0000000087a00000| Untracked 
| 115|0x0000000087b00000, 0x0000000087c00000, 0x0000000087c00000|100%| O|  |TAMS 0x0000000087b00000, 0x0000000087b00000| Untracked 
| 116|0x0000000087c00000, 0x0000000087d00000, 0x0000000087d00000|100%| O|  |TAMS 0x0000000087c00000, 0x0000000087c00000| Untracked 
| 117|0x0000000087d00000, 0x0000000087e00000, 0x0000000087e00000|100%| O|  |TAMS 0x0000000087d00000, 0x0000000087d00000| Untracked 
| 118|0x0000000087e00000, 0x0000000087f00000, 0x0000000087f00000|100%| O|  |TAMS 0x0000000087e00000, 0x0000000087e00000| Untracked 
| 119|0x0000000087f00000, 0x0000000088000000, 0x0000000088000000|100%| O|  |TAMS 0x0000000087f00000, 0x0000000087f00000| Untracked 
| 120|0x0000000088000000, 0x0000000088100000, 0x0000000088100000|100%| O|  |TAMS 0x0000000088000000, 0x0000000088000000| Untracked 
| 121|0x0000000088100000, 0x0000000088200000, 0x0000000088200000|100%| O|  |TAMS 0x0000000088100000, 0x0000000088100000| Untracked 
| 122|0x0000000088200000, 0x0000000088300000, 0x0000000088300000|100%| O|  |TAMS 0x0000000088200000, 0x0000000088200000| Untracked 
| 123|0x0000000088300000, 0x0000000088400000, 0x0000000088400000|100%| O|  |TAMS 0x0000000088300000, 0x0000000088300000| Untracked 
| 124|0x0000000088400000, 0x0000000088500000, 0x0000000088500000|100%| O|  |TAMS 0x0000000088400000, 0x0000000088400000| Untracked 
| 125|0x0000000088500000, 0x0000000088600000, 0x0000000088600000|100%| O|  |TAMS 0x0000000088500000, 0x0000000088500000| Untracked 
| 126|0x0000000088600000, 0x0000000088700000, 0x0000000088700000|100%| O|  |TAMS 0x0000000088600000, 0x0000000088600000| Untracked 
| 127|0x0000000088700000, 0x0000000088800000, 0x0000000088800000|100%| O|  |TAMS 0x0000000088700000, 0x0000000088700000| Untracked 
| 128|0x0000000088800000, 0x0000000088900000, 0x0000000088900000|100%| O|  |TAMS 0x0000000088800000, 0x0000000088800000| Untracked 
| 129|0x0000000088900000, 0x0000000088a00000, 0x0000000088a00000|100%| O|  |TAMS 0x0000000088900000, 0x0000000088900000| Untracked 
| 130|0x0000000088a00000, 0x0000000088b00000, 0x0000000088b00000|100%| O|  |TAMS 0x0000000088a00000, 0x0000000088a00000| Untracked 
| 131|0x0000000088b00000, 0x0000000088c00000, 0x0000000088c00000|100%| O|  |TAMS 0x0000000088b00000, 0x0000000088b00000| Untracked 
| 132|0x0000000088c00000, 0x0000000088d00000, 0x0000000088d00000|100%| O|  |TAMS 0x0000000088c00000, 0x0000000088c00000| Untracked 
| 133|0x0000000088d00000, 0x0000000088e00000, 0x0000000088e00000|100%| O|  |TAMS 0x0000000088d00000, 0x0000000088d00000| Untracked 
| 134|0x0000000088e00000, 0x0000000088f00000, 0x0000000088f00000|100%| O|  |TAMS 0x0000000088e00000, 0x0000000088e00000| Untracked 
| 135|0x0000000088f00000, 0x0000000089000000, 0x0000000089000000|100%| O|  |TAMS 0x0000000088f00000, 0x0000000088f00000| Untracked 
| 136|0x0000000089000000, 0x0000000089100000, 0x0000000089100000|100%| O|  |TAMS 0x0000000089000000, 0x0000000089000000| Untracked 
| 137|0x0000000089100000, 0x0000000089200000, 0x0000000089200000|100%| O|  |TAMS 0x0000000089100000, 0x0000000089100000| Untracked 
| 138|0x0000000089200000, 0x0000000089300000, 0x0000000089300000|100%| O|  |TAMS 0x0000000089200000, 0x0000000089200000| Untracked 
| 139|0x0000000089300000, 0x0000000089400000, 0x0000000089400000|100%| O|  |TAMS 0x0000000089300000, 0x0000000089300000| Untracked 
| 140|0x0000000089400000, 0x0000000089500000, 0x0000000089500000|100%| O|  |TAMS 0x0000000089400000, 0x0000000089400000| Untracked 
| 141|0x0000000089500000, 0x0000000089600000, 0x0000000089600000|100%| O|  |TAMS 0x0000000089500000, 0x0000000089500000| Untracked 
| 142|0x0000000089600000, 0x0000000089700000, 0x0000000089700000|100%| O|  |TAMS 0x0000000089600000, 0x0000000089600000| Untracked 
| 143|0x0000000089700000, 0x0000000089800000, 0x0000000089800000|100%| O|  |TAMS 0x0000000089700000, 0x0000000089700000| Untracked 
| 144|0x0000000089800000, 0x00000000898cf000, 0x0000000089900000| 80%| O|  |TAMS 0x0000000089800000, 0x0000000089800000| Untracked 
| 145|0x0000000089900000, 0x0000000089900000, 0x0000000089a00000|  0%| F|  |TAMS 0x0000000089900000, 0x0000000089900000| Untracked 
| 146|0x0000000089a00000, 0x0000000089a00000, 0x0000000089b00000|  0%| F|  |TAMS 0x0000000089a00000, 0x0000000089a00000| Untracked 
| 147|0x0000000089b00000, 0x0000000089b00000, 0x0000000089c00000|  0%| F|  |TAMS 0x0000000089b00000, 0x0000000089b00000| Untracked 
| 148|0x0000000089c00000, 0x0000000089c00000, 0x0000000089d00000|  0%| F|  |TAMS 0x0000000089c00000, 0x0000000089c00000| Untracked 
| 149|0x0000000089d00000, 0x0000000089d00000, 0x0000000089e00000|  0%| F|  |TAMS 0x0000000089d00000, 0x0000000089d00000| Untracked 
| 150|0x0000000089e00000, 0x0000000089e00000, 0x0000000089f00000|  0%| F|  |TAMS 0x0000000089e00000, 0x0000000089e00000| Untracked 
| 151|0x0000000089f00000, 0x0000000089f00000, 0x000000008a000000|  0%| F|  |TAMS 0x0000000089f00000, 0x0000000089f00000| Untracked 
| 152|0x000000008a000000, 0x000000008a000000, 0x000000008a100000|  0%| F|  |TAMS 0x000000008a000000, 0x000000008a000000| Untracked 
| 153|0x000000008a100000, 0x000000008a100000, 0x000000008a200000|  0%| F|  |TAMS 0x000000008a100000, 0x000000008a100000| Untracked 
| 154|0x000000008a200000, 0x000000008a200000, 0x000000008a300000|  0%| F|  |TAMS 0x000000008a200000, 0x000000008a200000| Untracked 
| 155|0x000000008a300000, 0x000000008a300000, 0x000000008a400000|  0%| F|  |TAMS 0x000000008a300000, 0x000000008a300000| Untracked 
| 156|0x000000008a400000, 0x000000008a400000, 0x000000008a500000|  0%| F|  |TAMS 0x000000008a400000, 0x000000008a400000| Untracked 
| 157|0x000000008a500000, 0x000000008a500000, 0x000000008a600000|  0%| F|  |TAMS 0x000000008a500000, 0x000000008a500000| Untracked 
| 158|0x000000008a600000, 0x000000008a600000, 0x000000008a700000|  0%| F|  |TAMS 0x000000008a600000, 0x000000008a600000| Untracked 
| 159|0x000000008a700000, 0x000000008a700000, 0x000000008a800000|  0%| F|  |TAMS 0x000000008a700000, 0x000000008a700000| Untracked 
| 160|0x000000008a800000, 0x000000008a800000, 0x000000008a900000|  0%| F|  |TAMS 0x000000008a800000, 0x000000008a800000| Untracked 
| 161|0x000000008a900000, 0x000000008a900000, 0x000000008aa00000|  0%| F|  |TAMS 0x000000008a900000, 0x000000008a900000| Untracked 
| 162|0x000000008aa00000, 0x000000008aa00000, 0x000000008ab00000|  0%| F|  |TAMS 0x000000008aa00000, 0x000000008aa00000| Untracked 
| 163|0x000000008ab00000, 0x000000008ab00000, 0x000000008ac00000|  0%| F|  |TAMS 0x000000008ab00000, 0x000000008ab00000| Untracked 
| 164|0x000000008ac00000, 0x000000008ac00000, 0x000000008ad00000|  0%| F|  |TAMS 0x000000008ac00000, 0x000000008ac00000| Untracked 
| 165|0x000000008ad00000, 0x000000008ad00000, 0x000000008ae00000|  0%| F|  |TAMS 0x000000008ad00000, 0x000000008ad00000| Untracked 
| 166|0x000000008ae00000, 0x000000008ae00000, 0x000000008af00000|  0%| F|  |TAMS 0x000000008ae00000, 0x000000008ae00000| Untracked 
| 167|0x000000008af00000, 0x000000008af00000, 0x000000008b000000|  0%| F|  |TAMS 0x000000008af00000, 0x000000008af00000| Untracked 
| 168|0x000000008b000000, 0x000000008b000000, 0x000000008b100000|  0%| F|  |TAMS 0x000000008b000000, 0x000000008b000000| Untracked 
| 169|0x000000008b100000, 0x000000008b100000, 0x000000008b200000|  0%| F|  |TAMS 0x000000008b100000, 0x000000008b100000| Untracked 
| 170|0x000000008b200000, 0x000000008b200000, 0x000000008b300000|  0%| F|  |TAMS 0x000000008b200000, 0x000000008b200000| Untracked 
| 171|0x000000008b300000, 0x000000008b300000, 0x000000008b400000|  0%| F|  |TAMS 0x000000008b300000, 0x000000008b300000| Untracked 
| 172|0x000000008b400000, 0x000000008b400000, 0x000000008b500000|  0%| F|  |TAMS 0x000000008b400000, 0x000000008b400000| Untracked 
| 173|0x000000008b500000, 0x000000008b500000, 0x000000008b600000|  0%| F|  |TAMS 0x000000008b500000, 0x000000008b500000| Untracked 
| 174|0x000000008b600000, 0x000000008b632650, 0x000000008b700000| 19%| S|CS|TAMS 0x000000008b600000, 0x000000008b600000| Complete 
| 175|0x000000008b700000, 0x000000008b800000, 0x000000008b800000|100%| S|CS|TAMS 0x000000008b700000, 0x000000008b700000| Complete 
| 176|0x000000008b800000, 0x000000008b900000, 0x000000008b900000|100%| S|CS|TAMS 0x000000008b800000, 0x000000008b800000| Complete 
| 177|0x000000008b900000, 0x000000008b900000, 0x000000008ba00000|  0%| F|  |TAMS 0x000000008b900000, 0x000000008b900000| Untracked 
| 178|0x000000008ba00000, 0x000000008bb00000, 0x000000008bb00000|100%| S|CS|TAMS 0x000000008ba00000, 0x000000008ba00000| Complete 
| 179|0x000000008bb00000, 0x000000008bb00000, 0x000000008bc00000|  0%| F|  |TAMS 0x000000008bb00000, 0x000000008bb00000| Untracked 
| 180|0x000000008bc00000, 0x000000008bc00000, 0x000000008bd00000|  0%| F|  |TAMS 0x000000008bc00000, 0x000000008bc00000| Untracked 
| 181|0x000000008bd00000, 0x000000008bd00000, 0x000000008be00000|  0%| F|  |TAMS 0x000000008bd00000, 0x000000008bd00000| Untracked 
| 182|0x000000008be00000, 0x000000008be00000, 0x000000008bf00000|  0%| F|  |TAMS 0x000000008be00000, 0x000000008be00000| Untracked 
| 183|0x000000008bf00000, 0x000000008bf00000, 0x000000008c000000|  0%| F|  |TAMS 0x000000008bf00000, 0x000000008bf00000| Untracked 
| 184|0x000000008c000000, 0x000000008c000000, 0x000000008c100000|  0%| F|  |TAMS 0x000000008c000000, 0x000000008c000000| Untracked 
| 185|0x000000008c100000, 0x000000008c100000, 0x000000008c200000|  0%| F|  |TAMS 0x000000008c100000, 0x000000008c100000| Untracked 
| 186|0x000000008c200000, 0x000000008c200000, 0x000000008c300000|  0%| F|  |TAMS 0x000000008c200000, 0x000000008c200000| Untracked 
| 187|0x000000008c300000, 0x000000008c300000, 0x000000008c400000|  0%| F|  |TAMS 0x000000008c300000, 0x000000008c300000| Untracked 
| 188|0x000000008c400000, 0x000000008c400000, 0x000000008c500000|  0%| F|  |TAMS 0x000000008c400000, 0x000000008c400000| Untracked 
| 189|0x000000008c500000, 0x000000008c500000, 0x000000008c600000|  0%| F|  |TAMS 0x000000008c500000, 0x000000008c500000| Untracked 
| 190|0x000000008c600000, 0x000000008c600000, 0x000000008c700000|  0%| F|  |TAMS 0x000000008c600000, 0x000000008c600000| Untracked 
| 191|0x000000008c700000, 0x000000008c700000, 0x000000008c800000|  0%| F|  |TAMS 0x000000008c700000, 0x000000008c700000| Untracked 
| 192|0x000000008c800000, 0x000000008c800000, 0x000000008c900000|  0%| F|  |TAMS 0x000000008c800000, 0x000000008c800000| Untracked 
| 193|0x000000008c900000, 0x000000008c900000, 0x000000008ca00000|  0%| F|  |TAMS 0x000000008c900000, 0x000000008c900000| Untracked 
| 194|0x000000008ca00000, 0x000000008ca00000, 0x000000008cb00000|  0%| F|  |TAMS 0x000000008ca00000, 0x000000008ca00000| Untracked 
| 195|0x000000008cb00000, 0x000000008cb00000, 0x000000008cc00000|  0%| F|  |TAMS 0x000000008cb00000, 0x000000008cb00000| Untracked 
| 196|0x000000008cc00000, 0x000000008cc00000, 0x000000008cd00000|  0%| F|  |TAMS 0x000000008cc00000, 0x000000008cc00000| Untracked 
| 197|0x000000008cd00000, 0x000000008cd00000, 0x000000008ce00000|  0%| F|  |TAMS 0x000000008cd00000, 0x000000008cd00000| Untracked 
| 198|0x000000008ce00000, 0x000000008ce00000, 0x000000008cf00000|  0%| F|  |TAMS 0x000000008ce00000, 0x000000008ce00000| Untracked 
| 199|0x000000008cf00000, 0x000000008cf00000, 0x000000008d000000|  0%| F|  |TAMS 0x000000008cf00000, 0x000000008cf00000| Untracked 
| 200|0x000000008d000000, 0x000000008d000000, 0x000000008d100000|  0%| F|  |TAMS 0x000000008d000000, 0x000000008d000000| Untracked 
| 201|0x000000008d100000, 0x000000008d100000, 0x000000008d200000|  0%| F|  |TAMS 0x000000008d100000, 0x000000008d100000| Untracked 
| 202|0x000000008d200000, 0x000000008d200000, 0x000000008d300000|  0%| F|  |TAMS 0x000000008d200000, 0x000000008d200000| Untracked 
| 203|0x000000008d300000, 0x000000008d300000, 0x000000008d400000|  0%| F|  |TAMS 0x000000008d300000, 0x000000008d300000| Untracked 
| 204|0x000000008d400000, 0x000000008d400000, 0x000000008d500000|  0%| F|  |TAMS 0x000000008d400000, 0x000000008d400000| Untracked 
| 205|0x000000008d500000, 0x000000008d600000, 0x000000008d600000|100%| E|  |TAMS 0x000000008d500000, 0x000000008d500000| Complete 
| 206|0x000000008d600000, 0x000000008d700000, 0x000000008d700000|100%| E|CS|TAMS 0x000000008d600000, 0x000000008d600000| Complete 
| 207|0x000000008d700000, 0x000000008d800000, 0x000000008d800000|100%| E|CS|TAMS 0x000000008d700000, 0x000000008d700000| Complete 
| 208|0x000000008d800000, 0x000000008d900000, 0x000000008d900000|100%| E|CS|TAMS 0x000000008d800000, 0x000000008d800000| Complete 
| 209|0x000000008d900000, 0x000000008da00000, 0x000000008da00000|100%| E|CS|TAMS 0x000000008d900000, 0x000000008d900000| Complete 
| 210|0x000000008da00000, 0x000000008db00000, 0x000000008db00000|100%| E|CS|TAMS 0x000000008da00000, 0x000000008da00000| Complete 
| 211|0x000000008db00000, 0x000000008dc00000, 0x000000008dc00000|100%| E|CS|TAMS 0x000000008db00000, 0x000000008db00000| Complete 
| 212|0x000000008dc00000, 0x000000008dd00000, 0x000000008dd00000|100%| E|CS|TAMS 0x000000008dc00000, 0x000000008dc00000| Complete 
| 213|0x000000008dd00000, 0x000000008de00000, 0x000000008de00000|100%| E|CS|TAMS 0x000000008dd00000, 0x000000008dd00000| Complete 
| 214|0x000000008de00000, 0x000000008df00000, 0x000000008df00000|100%| E|CS|TAMS 0x000000008de00000, 0x000000008de00000| Complete 
| 215|0x000000008df00000, 0x000000008e000000, 0x000000008e000000|100%| E|CS|TAMS 0x000000008df00000, 0x000000008df00000| Complete 
| 216|0x000000008e000000, 0x000000008e100000, 0x000000008e100000|100%| E|CS|TAMS 0x000000008e000000, 0x000000008e000000| Complete 
| 217|0x000000008e100000, 0x000000008e200000, 0x000000008e200000|100%| E|CS|TAMS 0x000000008e100000, 0x000000008e100000| Complete 
| 218|0x000000008e200000, 0x000000008e300000, 0x000000008e300000|100%| E|CS|TAMS 0x000000008e200000, 0x000000008e200000| Complete 

Card table byte_map: [0x00000200439c0000,0x0000020043dc0000] _byte_map_base: 0x00000200435bc000

Marking Bits (Prev, Next): (CMBitMap*) 0x000002002af51fe0, (CMBitMap*) 0x000002002af52020
 Prev Bits: [0x00000200441c0000, 0x00000200461a0000)
 Next Bits: [0x00000200461a0000, 0x0000020048180000)

Polling page: 0x000002002afd0000

Metaspace:

Usage:
  Non-class:     67.20 MB used.
      Class:      7.82 MB used.
       Both:     75.01 MB used.

Virtual space:
  Non-class space:      128.00 MB reserved,      67.31 MB ( 53%) committed,  2 nodes.
      Class space:        1.00 GB reserved,       8.00 MB ( <1%) committed,  1 nodes.
             Both:        1.12 GB reserved,      75.31 MB (  7%) committed. 

Chunk freelists:
   Non-Class:  11.75 MB
       Class:  8.05 MB
        Both:  19.80 MB

MaxMetaspaceSize: unlimited
CompressedClassSpaceSize: 1.00 GB
Initial GC threshold: 21.00 MB
Current GC threshold: 77.94 MB
CDS: on
MetaspaceReclaimPolicy: balanced
 - commit_granule_bytes: 65536.
 - commit_granule_words: 8192.
 - virtual_space_node_default_size: 8388608.
 - enlarge_chunks_in_place: 1.
 - new_chunks_are_fully_committed: 0.
 - uncommit_free_chunks: 1.
 - use_allocation_guard: 0.
 - handle_deallocations: 1.


Internal statistics:

num_allocs_failed_limit: 6.
num_arena_births: 376.
num_arena_deaths: 0.
num_vsnodes_births: 3.
num_vsnodes_deaths: 0.
num_space_committed: 1203.
num_space_uncommitted: 0.
num_chunks_returned_to_freelist: 6.
num_chunks_taken_from_freelist: 3201.
num_chunk_merges: 6.
num_chunk_splits: 2551.
num_chunks_enlarged: 2236.
num_inconsistent_stats: 0.

CodeHeap 'non-profiled nmethods': size=120000Kb used=11679Kb max_used=12382Kb free=108320Kb
 bounds [0x000002003ba60000, 0x000002003c680000, 0x0000020042f90000]
CodeHeap 'profiled nmethods': size=120000Kb used=46073Kb max_used=47948Kb free=73927Kb
 bounds [0x0000020033f90000, 0x0000020036e70000, 0x000002003b4c0000]
CodeHeap 'non-nmethods': size=5760Kb used=1410Kb max_used=1464Kb free=4349Kb
 bounds [0x000002003b4c0000, 0x000002003b730000, 0x000002003ba60000]
 total_blobs=16716 nmethods=15979 adapters=644
 compilation: enabled
              stopped_count=0, restarted_count=0
 full_count=0

Compilation events (20 events):
Event: 45.986 Thread 0x000002004a784770 21070       2       org.jetbrains.kotlin.descriptors.impl.AbstractTypeParameterDescriptor::getOriginal (17 bytes)
Event: 45.986 Thread 0x000002004a784770 nmethod 21070 0x000002003426fa90 code [0x000002003426fc20, 0x000002003426fd38]
Event: 45.990 Thread 0x000002004a784770 21071       2       org.jetbrains.kotlin.backend.jvm.lower.ReplaceDefaultImplsOverriddenSymbols::visitReturn (13 bytes)
Event: 45.990 Thread 0x000002004a784770 nmethod 21071 0x000002003477c810 code [0x000002003477ca60, 0x000002003477cf48]
Event: 45.990 Thread 0x000002004a784770 21072       2       org.jetbrains.kotlin.backend.jvm.lower.ReplaceDefaultImplsOverriddenSymbols::visitReturn (7 bytes)
Event: 45.991 Thread 0x000002004a784770 nmethod 21072 0x00000200347ff590 code [0x00000200347ff7c0, 0x00000200347ffc68]
Event: 45.991 Thread 0x000002004a784770 21073       2       org.jetbrains.kotlin.backend.jvm.lower.InterfaceObjectCallsLowering::visitReturn (13 bytes)
Event: 45.991 Thread 0x000002004a784770 nmethod 21073 0x000002003596ac10 code [0x000002003596ae40, 0x000002003596b2f8]
Event: 45.991 Thread 0x000002004a784770 21074       2       org.jetbrains.kotlin.backend.jvm.lower.TailCallOptimizationLowering$lower$1::visitReturn (10 bytes)
Event: 45.991 Thread 0x000002004a784770 nmethod 21074 0x0000020035c15210 code [0x0000020035c15400, 0x0000020035c15778]
Event: 45.991 Thread 0x000002004a784770 21075       2       org.jetbrains.kotlin.backend.jvm.lower.UniqueLoopLabelsLowering$lower$1::visitReturn (13 bytes)
Event: 45.992 Thread 0x000002004a784770 nmethod 21075 0x0000020035ea7310 code [0x0000020035ea7500, 0x0000020035ea7858]
Event: 45.992 Thread 0x000002004a784770 21076       2       org.jetbrains.kotlin.backend.jvm.lower.UniqueLoopLabelsLowering$lower$1::visitReturn (8 bytes)
Event: 45.992 Thread 0x000002004a784770 nmethod 21076 0x0000020035d4c090 code [0x0000020035d4c2c0, 0x0000020035d4c708]
Event: 46.027 Thread 0x000002004a784770 21077       2       org.jetbrains.kotlin.backend.jvm.lower.StaticDefaultFunctionLowering::visitReturn (85 bytes)
Event: 46.028 Thread 0x000002004a784770 nmethod 21077 0x0000020035d23710 code [0x0000020035d239c0, 0x0000020035d24238]
Event: 46.029 Thread 0x000002004a784770 21078       1       org.jetbrains.kotlin.backend.jvm.lower.BridgeLowering$Bridge::getOverridden (5 bytes)
Event: 46.029 Thread 0x000002004a784770 nmethod 21078 0x000002003c52c990 code [0x000002003c52cb20, 0x000002003c52cbf8]
Event: 46.030 Thread 0x000002004a784770 21079       2       org.jetbrains.kotlin.ir.declarations.lazy.IrLazyClass::getTypeParameters (19 bytes)
Event: 46.030 Thread 0x000002004a784770 nmethod 21079 0x00000200345ec690 code [0x00000200345ec840, 0x00000200345ec9e8]

GC Heap History (20 events):
Event: 41.471 GC heap before
{Heap before GC invocations=45 (full 0):
 garbage-first heap   total 186368K, used 154364K [0x0000000080800000, 0x0000000100000000)
  region size 1024K, 28 young (28672K), 5 survivors (5120K)
 Metaspace       used 67410K, committed 67776K, reserved 1114112K
  class space    used 7243K, committed 7424K, reserved 1048576K
}
Event: 41.485 GC heap after
{Heap after GC invocations=46 (full 0):
 garbage-first heap   total 186368K, used 138015K [0x0000000080800000, 0x0000000100000000)
  region size 1024K, 4 young (4096K), 4 survivors (4096K)
 Metaspace       used 67410K, committed 67776K, reserved 1114112K
  class space    used 7243K, committed 7424K, reserved 1048576K
}
Event: 42.045 GC heap before
{Heap before GC invocations=46 (full 0):
 garbage-first heap   total 186368K, used 154399K [0x0000000080800000, 0x0000000100000000)
  region size 1024K, 20 young (20480K), 4 survivors (4096K)
 Metaspace       used 69065K, committed 69376K, reserved 1114112K
  class space    used 7339K, committed 7488K, reserved 1048576K
}
Event: 42.052 GC heap after
{Heap after GC invocations=47 (full 0):
 garbage-first heap   total 186368K, used 140207K [0x0000000080800000, 0x0000000100000000)
  region size 1024K, 2 young (2048K), 2 survivors (2048K)
 Metaspace       used 69065K, committed 69376K, reserved 1114112K
  class space    used 7339K, committed 7488K, reserved 1048576K
}
Event: 42.440 GC heap before
{Heap before GC invocations=47 (full 0):
 garbage-first heap   total 186368K, used 155567K [0x0000000080800000, 0x0000000100000000)
  region size 1024K, 18 young (18432K), 2 survivors (2048K)
 Metaspace       used 71118K, committed 71424K, reserved 1114112K
  class space    used 7537K, committed 7680K, reserved 1048576K
}
Event: 42.445 GC heap after
{Heap after GC invocations=48 (full 0):
 garbage-first heap   total 186368K, used 140656K [0x0000000080800000, 0x0000000100000000)
  region size 1024K, 2 young (2048K), 2 survivors (2048K)
 Metaspace       used 71118K, committed 71424K, reserved 1114112K
  class space    used 7537K, committed 7680K, reserved 1048576K
}
Event: 42.775 GC heap before
{Heap before GC invocations=48 (full 0):
 garbage-first heap   total 186368K, used 158064K [0x0000000080800000, 0x0000000100000000)
  region size 1024K, 19 young (19456K), 2 survivors (2048K)
 Metaspace       used 73212K, committed 73536K, reserved 1179648K
  class space    used 7726K, committed 7872K, reserved 1048576K
}
Event: 42.780 GC heap after
{Heap after GC invocations=49 (full 0):
 garbage-first heap   total 186368K, used 141721K [0x0000000080800000, 0x0000000100000000)
  region size 1024K, 2 young (2048K), 2 survivors (2048K)
 Metaspace       used 73212K, committed 73536K, reserved 1179648K
  class space    used 7726K, committed 7872K, reserved 1048576K
}
Event: 43.019 GC heap before
{Heap before GC invocations=49 (full 0):
 garbage-first heap   total 186368K, used 159129K [0x0000000080800000, 0x0000000100000000)
  region size 1024K, 19 young (19456K), 2 survivors (2048K)
 Metaspace       used 74294K, committed 74624K, reserved 1179648K
  class space    used 7822K, committed 8000K, reserved 1048576K
}
Event: 43.023 GC heap after
{Heap after GC invocations=50 (full 0):
 garbage-first heap   total 224256K, used 142611K [0x0000000080800000, 0x0000000100000000)
  region size 1024K, 2 young (2048K), 2 survivors (2048K)
 Metaspace       used 74294K, committed 74624K, reserved 1179648K
  class space    used 7822K, committed 8000K, reserved 1048576K
}
Event: 43.575 GC heap before
{Heap before GC invocations=50 (full 0):
 garbage-first heap   total 224256K, used 185619K [0x0000000080800000, 0x0000000100000000)
  region size 1024K, 44 young (45056K), 2 survivors (2048K)
 Metaspace       used 74961K, committed 75264K, reserved 1179648K
  class space    used 7894K, committed 8064K, reserved 1048576K
}
Event: 43.583 GC heap after
{Heap after GC invocations=51 (full 0):
 garbage-first heap   total 224256K, used 145320K [0x0000000080800000, 0x0000000100000000)
  region size 1024K, 5 young (5120K), 5 survivors (5120K)
 Metaspace       used 74961K, committed 75264K, reserved 1179648K
  class space    used 7894K, committed 8064K, reserved 1048576K
}
Event: 44.526 GC heap before
{Heap before GC invocations=51 (full 0):
 garbage-first heap   total 224256K, used 187304K [0x0000000080800000, 0x0000000100000000)
  region size 1024K, 46 young (47104K), 5 survivors (5120K)
 Metaspace       used 75975K, committed 76288K, reserved 1179648K
  class space    used 7957K, committed 8128K, reserved 1048576K
}
Event: 44.535 GC heap after
{Heap after GC invocations=52 (full 0):
 garbage-first heap   total 224256K, used 146783K [0x0000000080800000, 0x0000000100000000)
  region size 1024K, 5 young (5120K), 5 survivors (5120K)
 Metaspace       used 75975K, committed 76288K, reserved 1179648K
  class space    used 7957K, committed 8128K, reserved 1048576K
}
Event: 44.840 GC heap before
{Heap before GC invocations=52 (full 0):
 garbage-first heap   total 224256K, used 188767K [0x0000000080800000, 0x0000000100000000)
  region size 1024K, 46 young (47104K), 5 survivors (5120K)
 Metaspace       used 76197K, committed 76480K, reserved 1179648K
  class space    used 7981K, committed 8128K, reserved 1048576K
}
Event: 44.848 GC heap after
{Heap after GC invocations=53 (full 0):
 garbage-first heap   total 224256K, used 148029K [0x0000000080800000, 0x0000000100000000)
  region size 1024K, 3 young (3072K), 3 survivors (3072K)
 Metaspace       used 76197K, committed 76480K, reserved 1179648K
  class space    used 7981K, committed 8128K, reserved 1048576K
}
Event: 45.367 GC heap before
{Heap before GC invocations=53 (full 0):
 garbage-first heap   total 224256K, used 190013K [0x0000000080800000, 0x0000000100000000)
  region size 1024K, 44 young (45056K), 3 survivors (3072K)
 Metaspace       used 76603K, committed 76864K, reserved 1179648K
  class space    used 7998K, committed 8128K, reserved 1048576K
}
Event: 45.376 GC heap after
{Heap after GC invocations=54 (full 0):
 garbage-first heap   total 224256K, used 149801K [0x0000000080800000, 0x0000000100000000)
  region size 1024K, 5 young (5120K), 5 survivors (5120K)
 Metaspace       used 76603K, committed 76864K, reserved 1179648K
  class space    used 7998K, committed 8128K, reserved 1048576K
}
Event: 45.804 GC heap before
{Heap before GC invocations=54 (full 0):
 garbage-first heap   total 224256K, used 190761K [0x0000000080800000, 0x0000000100000000)
  region size 1024K, 45 young (46080K), 5 survivors (5120K)
 Metaspace       used 76750K, committed 76992K, reserved 1179648K
  class space    used 8000K, committed 8128K, reserved 1048576K
}
Event: 45.816 GC heap after
{Heap after GC invocations=55 (full 0):
 garbage-first heap   total 224256K, used 151041K [0x0000000080800000, 0x0000000100000000)
  region size 1024K, 4 young (4096K), 4 survivors (4096K)
 Metaspace       used 76750K, committed 76992K, reserved 1179648K
  class space    used 8000K, committed 8128K, reserved 1048576K
}

Deoptimization events (20 events):
Event: 45.940 Thread 0x000002002aef8eb0 Uncommon trap: trap_request=0xffffffc6 fr.pc=0x000002003c530b38 relative=0x0000000000002298
Event: 45.940 Thread 0x000002002aef8eb0 Uncommon trap: reason=bimorphic_or_optimized_type_check action=maybe_recompile pc=0x000002003c530b38 method=org.jetbrains.kotlin.load.kotlin.DescriptorBasedTypeSignatureMappingKt.mapType(Lorg/jetbrains/kotlin/types/KotlinType;Lorg/jetbrains/kotlin/load/ko
Event: 45.940 Thread 0x000002002aef8eb0 DEOPT PACKING pc=0x000002003c530b38 sp=0x0000003a331fd290
Event: 45.940 Thread 0x000002002aef8eb0 DEOPT UNPACKING pc=0x000002003b5123a3 sp=0x0000003a331fd258 mode 2
Event: 45.940 Thread 0x000002002aef8eb0 Uncommon trap: trap_request=0xffffffc6 fr.pc=0x000002003bf3b0a4 relative=0x0000000000004304
Event: 45.940 Thread 0x000002002aef8eb0 Uncommon trap: reason=bimorphic_or_optimized_type_check action=maybe_recompile pc=0x000002003bf3b0a4 method=org.jetbrains.kotlin.types.checker.ClassicTypeSystemContext$DefaultImpls.getPrimitiveType(Lorg/jetbrains/kotlin/types/checker/ClassicTypeSystemCont
Event: 45.940 Thread 0x000002002aef8eb0 DEOPT PACKING pc=0x000002003bf3b0a4 sp=0x0000003a331fd1f0
Event: 45.940 Thread 0x000002002aef8eb0 DEOPT UNPACKING pc=0x000002003b5123a3 sp=0x0000003a331fd0a8 mode 2
Event: 45.941 Thread 0x000002002aef8eb0 Uncommon trap: trap_request=0xffffffc6 fr.pc=0x000002003c08bf70 relative=0x0000000000000230
Event: 45.941 Thread 0x000002002aef8eb0 Uncommon trap: reason=bimorphic_or_optimized_type_check action=maybe_recompile pc=0x000002003c08bf70 method=org.jetbrains.kotlin.types.checker.ClassicTypeSystemContext$DefaultImpls.getPrimitiveType(Lorg/jetbrains/kotlin/types/checker/ClassicTypeSystemCont
Event: 45.941 Thread 0x000002002aef8eb0 DEOPT PACKING pc=0x000002003c08bf70 sp=0x0000003a331fd0a0
Event: 45.941 Thread 0x000002002aef8eb0 DEOPT UNPACKING pc=0x000002003b5123a3 sp=0x0000003a331fcfc0 mode 2
Event: 45.941 Thread 0x000002002aef8eb0 Uncommon trap: trap_request=0xffffffc6 fr.pc=0x000002003c530b38 relative=0x0000000000002298
Event: 45.941 Thread 0x000002002aef8eb0 Uncommon trap: reason=bimorphic_or_optimized_type_check action=maybe_recompile pc=0x000002003c530b38 method=org.jetbrains.kotlin.load.kotlin.DescriptorBasedTypeSignatureMappingKt.mapType(Lorg/jetbrains/kotlin/types/KotlinType;Lorg/jetbrains/kotlin/load/ko
Event: 45.972 Thread 0x000002002aef8eb0 DEOPT PACKING pc=0x000002003c530b38 sp=0x0000003a331fd1c0
Event: 45.972 Thread 0x000002002aef8eb0 DEOPT UNPACKING pc=0x000002003b5123a3 sp=0x0000003a331fd188 mode 2
Event: 45.972 Thread 0x000002002aef8eb0 Uncommon trap: trap_request=0xffffffc6 fr.pc=0x000002003c08b950 relative=0x0000000000000210
Event: 45.972 Thread 0x000002002aef8eb0 Uncommon trap: reason=bimorphic_or_optimized_type_check action=maybe_recompile pc=0x000002003c08b950 method=org.jetbrains.kotlin.types.checker.ClassicTypeSystemContext$DefaultImpls.getPrimitiveType(Lorg/jetbrains/kotlin/types/checker/ClassicTypeSystemCont
Event: 45.972 Thread 0x000002002aef8eb0 DEOPT PACKING pc=0x000002003c08b950 sp=0x0000003a331fd110
Event: 45.972 Thread 0x000002002aef8eb0 DEOPT UNPACKING pc=0x000002003b5123a3 sp=0x0000003a331fd098 mode 2

Classes unloaded (0 events):
No events

Classes redefined (0 events):
No events

Internal exceptions (20 events):
Event: 19.058 Thread 0x000002002aef8eb0 Exception <a 'java/lang/NoSuchMethodError'{0x0000000089e5b328}: 'java.lang.Object java.lang.invoke.DirectMethodHandle$Holder.newInvokeSpecial(java.lang.Object, java.lang.Object, java.lang.Object, java.lang.Object, java.lang.Object, java.lang.Object, java.lang.Object)'> (0x0000000089e5b328) 
thrown [s\open\src\hotspot\share\interpreter\linkResolver.cpp, line 759]
Event: 19.058 Thread 0x000002002aef8eb0 Exception <a 'java/lang/NoSuchMethodError'{0x0000000089e5fee0}: 'java.lang.Object java.lang.invoke.Invokers$Holder.linkToTargetMethod(java.lang.Object, java.lang.Object, java.lang.Object, java.lang.Object, java.lang.Object, java.lang.Object, java.lang.Object)'> (0x0000000089e5fee0) 
thrown [s\open\src\hotspot\share\interpreter\linkResolver.cpp, line 759]
Event: 19.150 Thread 0x000002002aef8eb0 Exception <a 'java/lang/NoSuchMethodError'{0x000000008981c8f8}: 'int java.lang.invoke.DirectMethodHandle$Holder.invokeStaticInit(java.lang.Object, int)'> (0x000000008981c8f8) 
thrown [s\open\src\hotspot\share\interpreter\linkResolver.cpp, line 759]
Event: 19.766 Thread 0x000002002aef8eb0 Implicit null exception at 0x000002003bf247df to 0x000002003bf2aedc
Event: 20.323 Thread 0x000002002aef8eb0 Implicit null exception at 0x000002003bf5569c to 0x000002003bf5a32c
Event: 20.426 Thread 0x000002002aef8eb0 Exception <a 'java/lang/NoSuchMethodError'{0x000000008bb6e4f0}: 'java.lang.Object java.lang.invoke.DirectMethodHandle$Holder.invokeInterface(java.lang.Object, java.lang.Object, java.lang.Object)'> (0x000000008bb6e4f0) 
thrown [s\open\src\hotspot\share\interpreter\linkResolver.cpp, line 759]
Event: 20.426 Thread 0x000002002aef8eb0 Exception <a 'java/lang/IncompatibleClassChangeError'{0x000000008bb71e60}: Found class java.lang.Object, but interface was expected> (0x000000008bb71e60) 
thrown [s\open\src\hotspot\share\interpreter\linkResolver.cpp, line 826]
Event: 20.533 Thread 0x000002002aef8eb0 Implicit null exception at 0x000002003be834af to 0x000002003be839a0
Event: 24.720 Thread 0x000002002aef8eb0 Implicit null exception at 0x000002003bcea21b to 0x000002003bcea930
Event: 27.588 Thread 0x000002002aef8eb0 Implicit null exception at 0x000002003c0555d1 to 0x000002003c0558b4
Event: 33.780 Thread 0x000002002aef8eb0 Implicit null exception at 0x000002003be85fb4 to 0x000002003be86045
Event: 36.158 Thread 0x000002002aef8eb0 Implicit null exception at 0x000002003bddea23 to 0x000002003bddf278
Event: 37.838 Thread 0x000002002aef8eb0 Exception <a 'java/lang/NoSuchMethodError'{0x0000000089f43188}: 'java.lang.Object java.lang.invoke.DirectMethodHandle$Holder.invokeStaticInit(java.lang.Object, java.lang.Object, java.lang.Object, java.lang.Object)'> (0x0000000089f43188) 
thrown [s\open\src\hotspot\share\interpreter\linkResolver.cpp, line 759]
Event: 38.222 Thread 0x000002002aef8eb0 Exception <a 'java/lang/NoSuchMethodError'{0x000000008bc174e8}: 'java.lang.Object java.lang.invoke.DirectMethodHandle$Holder.newInvokeSpecial(java.lang.Object, java.lang.Object, java.lang.Object, int, int)'> (0x000000008bc174e8) 
thrown [s\open\src\hotspot\share\interpreter\linkResolver.cpp, line 759]
Event: 38.222 Thread 0x000002002aef8eb0 Exception <a 'java/lang/NoSuchMethodError'{0x000000008bc1b328}: 'java.lang.Object java.lang.invoke.DirectMethodHandle$Holder.invokeSpecial(java.lang.Object, java.lang.Object, java.lang.Object, java.lang.Object, int, int)'> (0x000000008bc1b328) 
thrown [s\open\src\hotspot\share\interpreter\linkResolver.cpp, line 759]
Event: 38.797 Thread 0x000002002aef8eb0 Exception <a 'java/lang/NoSuchMethodError'{0x000000008aba63d0}: 'java.lang.Object java.lang.invoke.DirectMethodHandle$Holder.invokeSpecial(java.lang.Object, java.lang.Object, int, int, java.lang.Object, java.lang.Object, java.lang.Object, java.lang.Object, java.lang.Object)'> (0x000000008aba63d0) 
thrown [s\open\src\hotspot\share\interpreter\linkResolver.cpp, line 759]
Event: 39.210 Thread 0x000002002aef8eb0 Exception <a 'java/lang/NoSuchMethodError'{0x0000000089def860}: 'java.lang.Object java.lang.invoke.DirectMethodHandle$Holder.invokeStatic(java.lang.Object, java.lang.Object, java.lang.Object, int, int, java.lang.Object, java.lang.Object, java.lang.Object, java.lang.Object)'> (0x0000000089def860) 
thrown [s\open\src\hotspot\share\interpreter\linkResolver.cpp, line 759]
Event: 39.210 Thread 0x000002002aef8eb0 Exception <a 'java/lang/NoSuchMethodError'{0x0000000089df9b28}: 'java.lang.Object java.lang.invoke.DirectMethodHandle$Holder.newInvokeSpecial(java.lang.Object, java.lang.Object, java.lang.Object, int, int, java.lang.Object)'> (0x0000000089df9b28) 
thrown [s\open\src\hotspot\share\interpreter\linkResolver.cpp, line 759]
Event: 39.211 Thread 0x000002002aef8eb0 Exception <a 'java/lang/NoSuchMethodError'{0x0000000089c01990}: 'java.lang.Object java.lang.invoke.Invokers$Holder.linkToTargetMethod(java.lang.Object, java.lang.Object, int, int, java.lang.Object, java.lang.Object)'> (0x0000000089c01990) 
thrown [s\open\src\hotspot\share\interpreter\linkResolver.cpp, line 759]
Event: 43.492 Thread 0x000002002aef8eb0 Implicit null exception at 0x000002003c3691bc to 0x000002003c369324

VM Operations (20 events):
Event: 44.379 Executing VM operation: ICBufferFull
Event: 44.379 Executing VM operation: ICBufferFull done
Event: 44.526 Executing VM operation: G1CollectForAllocation
Event: 44.535 Executing VM operation: G1CollectForAllocation done
Event: 44.840 Executing VM operation: G1CollectForAllocation
Event: 44.848 Executing VM operation: G1CollectForAllocation done
Event: 45.171 Executing VM operation: ICBufferFull
Event: 45.171 Executing VM operation: ICBufferFull done
Event: 45.367 Executing VM operation: G1CollectForAllocation
Event: 45.376 Executing VM operation: G1CollectForAllocation done
Event: 45.667 Executing VM operation: HandshakeAllThreads
Event: 45.668 Executing VM operation: HandshakeAllThreads done
Event: 45.800 Executing VM operation: ICBufferFull
Event: 45.800 Executing VM operation: ICBufferFull done
Event: 45.804 Executing VM operation: G1CollectForAllocation
Event: 45.816 Executing VM operation: G1CollectForAllocation done
Event: 45.860 Executing VM operation: HandshakeAllThreads
Event: 45.860 Executing VM operation: HandshakeAllThreads done
Event: 45.940 Executing VM operation: HandshakeAllThreads
Event: 45.940 Executing VM operation: HandshakeAllThreads done

Events (20 events):
Event: 45.969 Thread 0x000002004a7f7780 flushing nmethod 0x00000200369f4090
Event: 45.969 Thread 0x000002004a7f7780 flushing nmethod 0x0000020036a11390
Event: 45.969 Thread 0x000002004a7f7780 flushing nmethod 0x0000020036a68010
Event: 45.969 Thread 0x000002004a7f7780 flushing nmethod 0x0000020036a8e610
Event: 45.969 Thread 0x000002004a7f7780 flushing nmethod 0x0000020036a8ed90
Event: 45.969 Thread 0x000002004a7f7780 flushing nmethod 0x0000020036ac7b10
Event: 45.969 Thread 0x000002004a7f7780 flushing nmethod 0x0000020036ac8f10
Event: 45.969 Thread 0x000002004a7f7780 flushing nmethod 0x0000020036ad2d90
Event: 45.969 Thread 0x000002004a7f7780 flushing nmethod 0x0000020036ad9210
Event: 45.969 Thread 0x000002004a7f7780 flushing nmethod 0x0000020036ada390
Event: 45.970 Thread 0x000002004a7f7780 flushing nmethod 0x0000020036c3cd10
Event: 45.970 Thread 0x000002004a7f7780 flushing nmethod 0x0000020036c3ed10
Event: 45.970 Thread 0x000002004a7f7780 flushing nmethod 0x0000020036c44090
Event: 45.970 Thread 0x000002004a7f7780 flushing nmethod 0x0000020036c52e10
Event: 45.970 Thread 0x000002004a7f7780 flushing nmethod 0x0000020036c93a10
Event: 45.970 Thread 0x000002004a7f7780 flushing nmethod 0x0000020036cbb410
Event: 45.971 Thread 0x000002004a7f7780 flushing nmethod 0x0000020036ce0110
Event: 45.971 Thread 0x000002004a7f7780 flushing nmethod 0x0000020036ce2810
Event: 45.971 Thread 0x000002004a7f7780 flushing nmethod 0x0000020036d0a090
Event: 45.971 Thread 0x000002004a7f7780 flushing nmethod 0x0000020036dac110


Dynamic libraries:
0x00007ff63f960000 - 0x00007ff63f970000 	C:\jdk-17.0.12\bin\java.exe
0x00007ff87c9f0000 - 0x00007ff87cbe8000 	C:\Windows\SYSTEM32\ntdll.dll
0x00007ff87b2a0000 - 0x00007ff87b362000 	C:\Windows\System32\KERNEL32.DLL
0x00007ff87a430000 - 0x00007ff87a726000 	C:\Windows\System32\KERNELBASE.dll
0x00007ff87a730000 - 0x00007ff87a830000 	C:\Windows\System32\ucrtbase.dll
0x00007ff855630000 - 0x00007ff855649000 	C:\jdk-17.0.12\bin\jli.dll
0x00007ff87af80000 - 0x00007ff87b031000 	C:\Windows\System32\ADVAPI32.dll
0x00007ff87b890000 - 0x00007ff87b92e000 	C:\Windows\System32\msvcrt.dll
0x00007ff87c250000 - 0x00007ff87c2ef000 	C:\Windows\System32\sechost.dll
0x00007ff87aa10000 - 0x00007ff87ab33000 	C:\Windows\System32\RPCRT4.dll
0x00007ff87a100000 - 0x00007ff87a127000 	C:\Windows\System32\bcrypt.dll
0x00007ff87c0b0000 - 0x00007ff87c24d000 	C:\Windows\System32\USER32.dll
0x00007ff87a0d0000 - 0x00007ff87a0f2000 	C:\Windows\System32\win32u.dll
0x00007ff87ac80000 - 0x00007ff87acab000 	C:\Windows\System32\GDI32.dll
0x00007ff87a1e0000 - 0x00007ff87a2f9000 	C:\Windows\System32\gdi32full.dll
0x00007ff87a300000 - 0x00007ff87a39d000 	C:\Windows\System32\msvcp_win.dll
0x00007ff8513f0000 - 0x00007ff85140b000 	C:\jdk-17.0.12\bin\VCRUNTIME140.dll
0x00007ff86b000000 - 0x00007ff86b29a000 	C:\Windows\WinSxS\amd64_microsoft.windows.common-controls_6595b64144ccf1df_6.0.19041.5915_none_60b4b9d171f9c7c7\COMCTL32.dll
0x00007ff8787b0000 - 0x00007ff8787ba000 	C:\Windows\SYSTEM32\VERSION.dll
0x00007ff87b370000 - 0x00007ff87b39f000 	C:\Windows\System32\IMM32.DLL
0x00007ff876ef0000 - 0x00007ff876efc000 	C:\jdk-17.0.12\bin\vcruntime140_1.dll
0x00007ff8378c0000 - 0x00007ff83794e000 	C:\jdk-17.0.12\bin\msvcp140.dll
0x00007ff835260000 - 0x00007ff835e40000 	C:\jdk-17.0.12\bin\server\jvm.dll
0x00007ff87c0a0000 - 0x00007ff87c0a8000 	C:\Windows\System32\PSAPI.DLL
0x00007ff8699e0000 - 0x00007ff8699e9000 	C:\Windows\SYSTEM32\WSOCK32.dll
0x00007ff87b170000 - 0x00007ff87b1db000 	C:\Windows\System32\WS2_32.dll
0x00007ff86e310000 - 0x00007ff86e337000 	C:\Windows\SYSTEM32\WINMM.dll
0x00007ff8788c0000 - 0x00007ff8788d2000 	C:\Windows\SYSTEM32\kernel.appcore.dll
0x00007ff85b0a0000 - 0x00007ff85b0aa000 	C:\jdk-17.0.12\bin\jimage.dll
0x00007ff86b880000 - 0x00007ff86ba81000 	C:\Windows\SYSTEM32\DBGHELP.DLL
0x00007ff85e770000 - 0x00007ff85e7a4000 	C:\Windows\SYSTEM32\dbgcore.DLL
0x00007ff87a3a0000 - 0x00007ff87a422000 	C:\Windows\System32\bcryptPrimitives.dll
0x00007ff83d920000 - 0x00007ff83d945000 	C:\jdk-17.0.12\bin\java.dll
0x00007ff8374f0000 - 0x00007ff8375c7000 	C:\jdk-17.0.12\bin\jsvml.dll
0x00007ff87b930000 - 0x00007ff87c09e000 	C:\Windows\System32\SHELL32.dll
0x00007ff878000000 - 0x00007ff8787a4000 	C:\Windows\SYSTEM32\windows.storage.dll
0x00007ff87c650000 - 0x00007ff87c9a3000 	C:\Windows\System32\combase.dll
0x00007ff8799e0000 - 0x00007ff879a0b000 	C:\Windows\SYSTEM32\Wldp.dll
0x00007ff87b040000 - 0x00007ff87b10d000 	C:\Windows\System32\OLEAUT32.dll
0x00007ff87aeb0000 - 0x00007ff87af5d000 	C:\Windows\System32\SHCORE.dll
0x00007ff87acb0000 - 0x00007ff87ad0b000 	C:\Windows\System32\shlwapi.dll
0x00007ff879fb0000 - 0x00007ff879fd5000 	C:\Windows\SYSTEM32\profapi.dll
0x00007ff8380c0000 - 0x00007ff8380d9000 	C:\jdk-17.0.12\bin\net.dll
0x00007ff873920000 - 0x00007ff873a2a000 	C:\Windows\SYSTEM32\WINHTTP.dll
0x00007ff879740000 - 0x00007ff8797aa000 	C:\Windows\system32\mswsock.dll
0x00007ff8380a0000 - 0x00007ff8380b6000 	C:\jdk-17.0.12\bin\nio.dll
0x00007ff838060000 - 0x00007ff838078000 	C:\jdk-17.0.12\bin\zip.dll
0x00007ff855720000 - 0x00007ff855730000 	C:\jdk-17.0.12\bin\verify.dll

dbghelp: loaded successfully - version: 4.0.5 - missing functions: none
symbol engine: initialized successfully - sym options: 0x614 - pdb path: .;C:\jdk-17.0.12\bin;C:\Windows\SYSTEM32;C:\Windows\WinSxS\amd64_microsoft.windows.common-controls_6595b64144ccf1df_6.0.19041.5915_none_60b4b9d171f9c7c7;C:\jdk-17.0.12\bin\server

VM Arguments:
java_command: org.jetbrains.kotlin.cli.jvm.K2JVMCompiler @D:\ReactNative\Yogiverse\Yogiverse\node_modules\react-native-screens\android\build\20250614_4669090958201858511.compiler.options
java_class_path (initial): C:\Users\Win-10\.gradle\caches\modules-2\files-2.1\org.jetbrains.kotlin\kotlin-compiler-embeddable\1.9.24\78dab849090e6c5e2eadb6e59a11cdc28fb67a08\kotlin-compiler-embeddable-1.9.24.jar;C:\Users\Win-10\.gradle\caches\modules-2\files-2.1\org.jetbrains.kotlin\kotlin-stdlib\1.9.24\9928532f12c66ad816a625b3f9984f8368ca6d2b\kotlin-stdlib-1.9.24.jar;C:\Users\Win-10\.gradle\caches\modules-2\files-2.1\org.jetbrains.kotlin\kotlin-script-runtime\1.9.24\96771497da90fbc5af1c90fce148db2595a62502\kotlin-script-runtime-1.9.24.jar;C:\Users\Win-10\.gradle\caches\modules-2\files-2.1\org.jetbrains.kotlin\kotlin-reflect\1.6.10\1cbe9c92c12a94eea200d23c2bbaedaf3daf5132\kotlin-reflect-1.6.10.jar;C:\Users\Win-10\.gradle\caches\modules-2\files-2.1\org.jetbrains.kotlin\kotlin-daemon-embeddable\1.9.24\86685b9c5e8d170925bd9ddbdc263374a6a73281\kotlin-daemon-embeddable-1.9.24.jar;C:\Users\Win-10\.gradle\caches\modules-2\files-2.1\org.jetbrains.intellij.deps\trove4j\1.0.20200330\3afb14d5f9ceb459d724e907a21145e8ff394f02\trove4j-1.0.20200330.jar;C:\Users\Win-10\.gradle\caches\modules-2\files-2.1\org.jetbrains\annotations\13.0\919f0dfe192fb4e063e7dacadee7f8bb9a2672a9\annotations-13.0.jar
Launcher Type: SUN_STANDARD

[Global flags]
     intx CICompilerCount                          = 3                                         {product} {ergonomic}
     uint ConcGCThreads                            = 1                                         {product} {ergonomic}
     uint G1ConcRefinementThreads                  = 4                                         {product} {ergonomic}
   size_t G1HeapRegionSize                         = 1048576                                   {product} {ergonomic}
    uintx GCDrainStackTargetSize                   = 64                                        {product} {ergonomic}
   size_t InitialHeapSize                          = 134217728                                 {product} {ergonomic}
   size_t MarkStackSize                            = 4194304                                   {product} {ergonomic}
   size_t MaxHeapSize                              = 2139095040                                {product} {ergonomic}
   size_t MaxNewSize                               = 1283457024                                {product} {ergonomic}
   size_t MinHeapDeltaBytes                        = 1048576                                   {product} {ergonomic}
   size_t MinHeapSize                              = 8388608                                   {product} {ergonomic}
    uintx NonNMethodCodeHeapSize                   = 5832780                                {pd product} {ergonomic}
    uintx NonProfiledCodeHeapSize                  = 122912730                              {pd product} {ergonomic}
    uintx ProfiledCodeHeapSize                     = 122912730                              {pd product} {ergonomic}
    uintx ReservedCodeCacheSize                    = 251658240                              {pd product} {ergonomic}
     bool SegmentedCodeCache                       = true                                      {product} {ergonomic}
   size_t SoftMaxHeapSize                          = 2139095040                             {manageable} {ergonomic}
     bool UseCompressedClassPointers               = true                           {product lp64_product} {ergonomic}
     bool UseCompressedOops                        = true                           {product lp64_product} {ergonomic}
     bool UseG1GC                                  = true                                      {product} {ergonomic}
     bool UseLargePagesIndividualAllocation        = false                                  {pd product} {ergonomic}

Logging:
Log output configuration:
 #0: stdout all=warning uptime,level,tags
 #1: stderr all=off uptime,level,tags

Environment Variables:
JAVA_HOME=C:\jdk-17.0.12
CLASSPATH=D:\ReactNative\Yogiverse\Yogiverse\android\\gradle\wrapper\gradle-wrapper.jar
PATH=D:\ReactNative\Yogiverse\Yogiverse\node_modules\.bin;D:\ReactNative\Yogiverse\Yogiverse\node_modules\.bin;D:\ReactNative\Yogiverse\node_modules\.bin;D:\ReactNative\node_modules\.bin;D:\node_modules\.bin;C:\Users\Win-10\AppData\Local\nvm\v18.20.8\node_modules\npm\node_modules\@npmcli\run-script\lib\node-gyp-bin;C:\Windows\system32;C:\Windows;C:\Windows\System32\Wbem;C:\Windows\System32\WindowsPowerShell\v1.0\;C:\Windows\System32\OpenSSH\;%NVM_HOME%;%NVM_SYMLINK%;C:\Program Files\Git\cmd;C:\Users\Win-10\AppData\Local\Programs\Python\Python312\Scripts\;C:\Users\Win-10\AppData\Local\Programs\Python\Python312\;C:\platform-tools;C:\Users\Win-10\AppData\Local\nvm;C:\nvm4w\nodejs\node_modules\nodejs;C:\jdk-17.0.12\bin;C:\Users\Win-10\AppData\Local\Programs\Microsoft VS Code\bin;C:\Users\Win-10\AppData\Local\Programs\cursor\resources\app\bin
USERNAME=Win-10
LANG=en_US.UTF-8
OS=Windows_NT
PROCESSOR_IDENTIFIER=Intel64 Family 6 Model 58 Stepping 9, GenuineIntel



---------------  S Y S T E M  ---------------

OS:
 Windows 10 , 64 bit Build 19041 (10.0.19041.5915)
OS uptime: 0 days 8:22 hours

CPU: total 4 (initial active 4) (4 cores per cpu, 1 threads per core) family 6 model 58 stepping 9 microcode 0x21, cx8, cmov, fxsr, mmx, sse, sse2, sse3, ssse3, sse4.1, sse4.2, popcnt, tsc, tscinvbit, avx, aes, erms, clmul, vzeroupper, clflush

Memory: 4k page, system-wide physical 8156M (348M free)
TotalPageFile size 32732M (AvailPageFile size 3M)
current process WorkingSet (physical memory assigned to process): 447M, peak: 460M
current process commit charge ("private bytes"): 504M, peak: 513M

vm_info: Java HotSpot(TM) 64-Bit Server VM (17.0.12+8-LTS-286) for windows-amd64 JRE (17.0.12+8-LTS-286), built on Jun  5 2024 06:46:59 by "mach5one" with MS VC++ 17.6 (VS2022)

END.
