#
# There is insufficient memory for the Java Runtime Environment to continue.
# Native memory allocation (mmap) failed to map 67108864 bytes for G1 virtual space
# Possible reasons:
#   The system is out of physical RAM or swap space
#   The process is running with CompressedOops enabled, and the Java Heap may be blocking the growth of the native heap
# Possible solutions:
#   Reduce memory load on the system
#   Increase physical memory or swap space
#   Check if swap backing store is full
#   Decrease Java heap size (-Xmx/-Xms)
#   Decrease number of Java threads
#   Decrease Java thread stack sizes (-Xss)
#   Set larger code cache with -XX:ReservedCodeCacheSize=
#   JVM is running with Unscaled Compressed Oops mode in which the Java heap is
#     placed in the first 4GB address space. The Java Heap base address is the
#     maximum limit for the native heap growth. Please use -XX:HeapBaseMinAddress
#     to set the Java Heap base and to place the Java Heap above 4GB virtual address.
# This output file may be truncated or incomplete.
#
#  Out of Memory Error (os_windows.cpp:3548), pid=16912, tid=1440
#
# JRE version:  (17.0.12+8) (build )
# Java VM: Java HotSpot(TM) 64-Bit Server VM (17.0.12+8-LTS-286, mixed mode, sharing, tiered, compressed oops, compressed class ptrs, g1 gc, windows-amd64)
# No core dump will be written. Minidumps are not enabled by default on client versions of Windows
#

---------------  S U M M A R Y ------------

Command Line: -Xmx64m -Xms64m -Dorg.gradle.appname=gradlew org.gradle.wrapper.GradleWrapperMain app:installDebug -PreactNativeDevServerPort=8081

Host: Intel(R) Core(TM) i5-3570S CPU @ 3.10GHz, 4 cores, 7G,  Windows 10 , 64 bit Build 19041 (10.0.19041.5915)
Time: Sat Jun 14 19:37:21 2025 India Standard Time elapsed time: 0.033287 seconds (0d 0h 0m 0s)

---------------  T H R E A D  ---------------

Current thread (0x0000020de614a4b0):  JavaThread "Unknown thread" [_thread_in_vm, id=1440, stack(0x00000047c2f00000,0x00000047c3000000)]

Stack: [0x00000047c2f00000,0x00000047c3000000]
Native frames: (J=compiled Java code, j=interpreted, Vv=VM code, C=native code)
V  [jvm.dll+0x67a04a]
V  [jvm.dll+0x7da4ed]
V  [jvm.dll+0x7dbe33]
V  [jvm.dll+0x7dc4a3]
V  [jvm.dll+0x24508f]
V  [jvm.dll+0x677089]
V  [jvm.dll+0x66bd32]
V  [jvm.dll+0x301fa6]
V  [jvm.dll+0x309546]
V  [jvm.dll+0x359d2e]
V  [jvm.dll+0x359f5f]
V  [jvm.dll+0x2d9078]
V  [jvm.dll+0x2d9fe4]
V  [jvm.dll+0x7aca21]
V  [jvm.dll+0x367591]
V  [jvm.dll+0x78b999]
V  [jvm.dll+0x3ec83f]
V  [jvm.dll+0x3ee471]
C  [jli.dll+0x5297]
C  [ucrtbase.dll+0x21bb2]
C  [KERNEL32.DLL+0x17374]
C  [ntdll.dll+0x4cc91]


---------------  P R O C E S S  ---------------

Threads class SMR info:
_java_thread_list=0x00007ff835d17a18, length=0, elements={
}

Java Threads: ( => current thread )

Other Threads:
  0x0000020de6167310 GCTaskThread "GC Thread#0" [stack: 0x00000047c3000000,0x00000047c3100000] [id=4716]
  0x0000020de6169980 ConcurrentGCThread "G1 Main Marker" [stack: 0x00000047c3100000,0x00000047c3200000] [id=1144]
  0x0000020de616a2a0 ConcurrentGCThread "G1 Conc#0" [stack: 0x00000047c3200000,0x00000047c3300000] [id=15144]

[error occurred during error reporting (printing all threads), id 0xc0000005, EXCEPTION_ACCESS_VIOLATION (0xc0000005) at pc=0x00007ff835549b67]

VM state: not at safepoint (not fully initialized)

VM Mutex/Monitor currently owned by a thread:  ([mutex/lock_event])
[0x0000020de6148d40] Heap_lock - owner thread: 0x0000020de614a4b0

Heap address: 0x00000000fc000000, size: 64 MB, Compressed Oops mode: 32-bit

CDS archive(s) mapped at: [0x0000000000000000-0x0000000000000000-0x0000000000000000), size 0, SharedBaseAddress: 0x0000000800000000, ArchiveRelocationMode: 1.
Narrow klass base: 0x0000000000000000, Narrow klass shift: 0, Narrow klass range: 0x0

GC Precious Log:
<Empty>

Heap:
 garbage-first heap   total 0K, used 0K [0x00000000fc000000, 0x0000000100000000)
  region size 1024K, 0 young (0K), 0 survivors (0K)

[error occurred during error reporting (printing heap information), id 0xc0000005, EXCEPTION_ACCESS_VIOLATION (0xc0000005) at pc=0x00007ff835933859]

GC Heap History (0 events):
No events

Deoptimization events (0 events):
No events

Classes unloaded (0 events):
No events

Classes redefined (0 events):
No events

Internal exceptions (0 events):
No events

VM Operations (0 events):
No events

Events (1 events):
Event: 0.007 Loaded shared library C:\jdk-17.0.12\bin\java.dll


Dynamic libraries:
0x00007ff63f960000 - 0x00007ff63f970000 	C:\jdk-17.0.12\bin\java.exe
0x00007ff87c9f0000 - 0x00007ff87cbe8000 	C:\Windows\SYSTEM32\ntdll.dll
0x00007ff87b2a0000 - 0x00007ff87b362000 	C:\Windows\System32\KERNEL32.DLL
0x00007ff87a430000 - 0x00007ff87a726000 	C:\Windows\System32\KERNELBASE.dll
0x00007ff87a730000 - 0x00007ff87a830000 	C:\Windows\System32\ucrtbase.dll
0x00007ff855630000 - 0x00007ff855649000 	C:\jdk-17.0.12\bin\jli.dll
0x00007ff87af80000 - 0x00007ff87b031000 	C:\Windows\System32\ADVAPI32.dll
0x00007ff87b890000 - 0x00007ff87b92e000 	C:\Windows\System32\msvcrt.dll
0x00007ff87c250000 - 0x00007ff87c2ef000 	C:\Windows\System32\sechost.dll
0x00007ff87aa10000 - 0x00007ff87ab33000 	C:\Windows\System32\RPCRT4.dll
0x00007ff87a100000 - 0x00007ff87a127000 	C:\Windows\System32\bcrypt.dll
0x00007ff87c0b0000 - 0x00007ff87c24d000 	C:\Windows\System32\USER32.dll
0x00007ff87a0d0000 - 0x00007ff87a0f2000 	C:\Windows\System32\win32u.dll
0x00007ff87ac80000 - 0x00007ff87acab000 	C:\Windows\System32\GDI32.dll
0x00007ff87a1e0000 - 0x00007ff87a2f9000 	C:\Windows\System32\gdi32full.dll
0x00007ff87a300000 - 0x00007ff87a39d000 	C:\Windows\System32\msvcp_win.dll
0x00007ff8513f0000 - 0x00007ff85140b000 	C:\jdk-17.0.12\bin\VCRUNTIME140.dll
0x00007ff86b000000 - 0x00007ff86b29a000 	C:\Windows\WinSxS\amd64_microsoft.windows.common-controls_6595b64144ccf1df_6.0.19041.5915_none_60b4b9d171f9c7c7\COMCTL32.dll
0x00007ff8787b0000 - 0x00007ff8787ba000 	C:\Windows\SYSTEM32\VERSION.dll
0x00007ff87b370000 - 0x00007ff87b39f000 	C:\Windows\System32\IMM32.DLL
0x00007ff876ef0000 - 0x00007ff876efc000 	C:\jdk-17.0.12\bin\vcruntime140_1.dll
0x00007ff8378c0000 - 0x00007ff83794e000 	C:\jdk-17.0.12\bin\msvcp140.dll
0x00007ff835260000 - 0x00007ff835e40000 	C:\jdk-17.0.12\bin\server\jvm.dll
0x00007ff87c0a0000 - 0x00007ff87c0a8000 	C:\Windows\System32\PSAPI.DLL
0x00007ff8699e0000 - 0x00007ff8699e9000 	C:\Windows\SYSTEM32\WSOCK32.dll
0x00007ff87b170000 - 0x00007ff87b1db000 	C:\Windows\System32\WS2_32.dll
0x00007ff86e310000 - 0x00007ff86e337000 	C:\Windows\SYSTEM32\WINMM.dll
0x00007ff8788c0000 - 0x00007ff8788d2000 	C:\Windows\SYSTEM32\kernel.appcore.dll
0x00007ff85b0a0000 - 0x00007ff85b0aa000 	C:\jdk-17.0.12\bin\jimage.dll
0x00007ff86b880000 - 0x00007ff86ba81000 	C:\Windows\SYSTEM32\DBGHELP.DLL
0x00007ff85e770000 - 0x00007ff85e7a4000 	C:\Windows\SYSTEM32\dbgcore.DLL
0x00007ff87a3a0000 - 0x00007ff87a422000 	C:\Windows\System32\bcryptPrimitives.dll
0x00007ff83d920000 - 0x00007ff83d945000 	C:\jdk-17.0.12\bin\java.dll

dbghelp: loaded successfully - version: 4.0.5 - missing functions: none
symbol engine: initialized successfully - sym options: 0x614 - pdb path: .;C:\jdk-17.0.12\bin;C:\Windows\SYSTEM32;C:\Windows\WinSxS\amd64_microsoft.windows.common-controls_6595b64144ccf1df_6.0.19041.5915_none_60b4b9d171f9c7c7;C:\jdk-17.0.12\bin\server

VM Arguments:
jvm_args: -Xmx64m -Xms64m -Dorg.gradle.appname=gradlew 
java_command: org.gradle.wrapper.GradleWrapperMain app:installDebug -PreactNativeDevServerPort=8081
java_class_path (initial): D:\ReactNative\Yogiverse\Yogiverse\android\\gradle\wrapper\gradle-wrapper.jar
Launcher Type: SUN_STANDARD

[Global flags]
     intx CICompilerCount                          = 3                                         {product} {ergonomic}
     uint ConcGCThreads                            = 1                                         {product} {ergonomic}
     uint G1ConcRefinementThreads                  = 4                                         {product} {ergonomic}
   size_t G1HeapRegionSize                         = 1048576                                   {product} {ergonomic}
    uintx GCDrainStackTargetSize                   = 64                                        {product} {ergonomic}
   size_t InitialHeapSize                          = 67108864                                  {product} {command line}
   size_t MarkStackSize                            = 4194304                                   {product} {ergonomic}
   size_t MaxHeapSize                              = 67108864                                  {product} {command line}
   size_t MinHeapDeltaBytes                        = 1048576                                   {product} {ergonomic}
   size_t MinHeapSize                              = 67108864                                  {product} {command line}
    uintx NonNMethodCodeHeapSize                   = 5832780                                {pd product} {ergonomic}
    uintx NonProfiledCodeHeapSize                  = 122912730                              {pd product} {ergonomic}
    uintx ProfiledCodeHeapSize                     = 122912730                              {pd product} {ergonomic}
    uintx ReservedCodeCacheSize                    = 251658240                              {pd product} {ergonomic}
     bool SegmentedCodeCache                       = true                                      {product} {ergonomic}
   size_t SoftMaxHeapSize                          = 67108864                               {manageable} {ergonomic}
     bool UseCompressedClassPointers               = true                           {product lp64_product} {ergonomic}
     bool UseCompressedOops                        = true                           {product lp64_product} {ergonomic}
     bool UseG1GC                                  = true                                      {product} {ergonomic}
     bool UseLargePagesIndividualAllocation        = false                                  {pd product} {ergonomic}

Logging:
Log output configuration:
 #0: stdout all=warning uptime,level,tags
 #1: stderr all=off uptime,level,tags

Environment Variables:
JAVA_HOME=C:\jdk-17.0.12
CLASSPATH=D:\ReactNative\Yogiverse\Yogiverse\android\\gradle\wrapper\gradle-wrapper.jar
PATH=D:\ReactNative\Yogiverse\Yogiverse\node_modules\.bin;D:\ReactNative\Yogiverse\Yogiverse\node_modules\.bin;D:\ReactNative\Yogiverse\node_modules\.bin;D:\ReactNative\node_modules\.bin;D:\node_modules\.bin;C:\Users\Win-10\AppData\Local\nvm\v18.20.8\node_modules\npm\node_modules\@npmcli\run-script\lib\node-gyp-bin;C:\Windows\system32;C:\Windows;C:\Windows\System32\Wbem;C:\Windows\System32\WindowsPowerShell\v1.0\;C:\Windows\System32\OpenSSH\;%NVM_HOME%;%NVM_SYMLINK%;C:\Program Files\Git\cmd;C:\Users\Win-10\AppData\Local\Programs\Python\Python312\Scripts\;C:\Users\Win-10\AppData\Local\Programs\Python\Python312\;C:\platform-tools;C:\Users\Win-10\AppData\Local\nvm;C:\nvm4w\nodejs\node_modules\nodejs;C:\jdk-17.0.12\bin;C:\Users\Win-10\AppData\Local\Programs\Microsoft VS Code\bin;C:\Users\Win-10\AppData\Local\Programs\cursor\resources\app\bin
USERNAME=Win-10
LANG=en_US.UTF-8
OS=Windows_NT
PROCESSOR_IDENTIFIER=Intel64 Family 6 Model 58 Stepping 9, GenuineIntel



---------------  S Y S T E M  ---------------

OS:
 Windows 10 , 64 bit Build 19041 (10.0.19041.5915)
OS uptime: 0 days 8:27 hours

CPU: total 4 (initial active 4) (4 cores per cpu, 1 threads per core) family 6 model 58 stepping 9 microcode 0x21, cx8, cmov, fxsr, mmx, sse, sse2, sse3, ssse3, sse4.1, sse4.2, popcnt, tsc, tscinvbit, avx, aes, erms, clmul, vzeroupper, clflush

Memory: 4k page, system-wide physical 8156M (242M free)
TotalPageFile size 32732M (AvailPageFile size 65M)
current process WorkingSet (physical memory assigned to process): 10M, peak: 10M
current process commit charge ("private bytes"): 51M, peak: 115M

vm_info: Java HotSpot(TM) 64-Bit Server VM (17.0.12+8-LTS-286) for windows-amd64 JRE (17.0.12+8-LTS-286), built on Jun  5 2024 06:46:59 by "mach5one" with MS VC++ 17.6 (VS2022)

END.
